TN:
SF:/usr/include/c++/11/bits/allocated_ptr.h
FN:53,_ZNSt15__allocated_ptrISaISt23_Sp_counted_ptr_inplaceIN8nlohmann16json_abi_v3_11_26detail21output_string_adapterIcNSt7__cxx1112basic_stringIcSt11char_traitsIcESaIcEEEEESaISB_ELN9__gnu_cxx12_Lock_policyE2EEEEC2ERSG_PSF_
FNDA:6,_ZNSt15__allocated_ptrISaISt23_Sp_counted_ptr_inplaceIN8nlohmann16json_abi_v3_11_26detail21output_string_adapterIcNSt7__cxx1112basic_stringIcSt11char_traitsIcESaIcEEEEESaISB_ELN9__gnu_cxx12_Lock_policyE2EEEEC2ERSG_PSF_
FN:71,_ZNSt15__allocated_ptrISaISt23_Sp_counted_ptr_inplaceIN8nlohmann16json_abi_v3_11_26detail21output_string_adapterIcNSt7__cxx1112basic_stringIcSt11char_traitsIcESaIcEEEEESaISB_ELN9__gnu_cxx12_Lock_policyE2EEEED2Ev
FNDA:6,_ZNSt15__allocated_ptrISaISt23_Sp_counted_ptr_inplaceIN8nlohmann16json_abi_v3_11_26detail21output_string_adapterIcNSt7__cxx1112basic_stringIcSt11char_traitsIcESaIcEEEEESaISB_ELN9__gnu_cxx12_Lock_policyE2EEEED2Ev
FN:79,_ZNSt15__allocated_ptrISaISt23_Sp_counted_ptr_inplaceIN8nlohmann16json_abi_v3_11_26detail21output_string_adapterIcNSt7__cxx1112basic_stringIcSt11char_traitsIcESaIcEEEEESaISB_ELN9__gnu_cxx12_Lock_policyE2EEEEaSEDn
FNDA:3,_ZNSt15__allocated_ptrISaISt23_Sp_counted_ptr_inplaceIN8nlohmann16json_abi_v3_11_26detail21output_string_adapterIcNSt7__cxx1112basic_stringIcSt11char_traitsIcESaIcEEEEESaISB_ELN9__gnu_cxx12_Lock_policyE2EEEEaSEDn
FN:86,_ZNSt15__allocated_ptrISaISt23_Sp_counted_ptr_inplaceIN8nlohmann16json_abi_v3_11_26detail21output_string_adapterIcNSt7__cxx1112basic_stringIcSt11char_traitsIcESaIcEEEEESaISB_ELN9__gnu_cxx12_Lock_policyE2EEEE3getEv
FNDA:3,_ZNSt15__allocated_ptrISaISt23_Sp_counted_ptr_inplaceIN8nlohmann16json_abi_v3_11_26detail21output_string_adapterIcNSt7__cxx1112basic_stringIcSt11char_traitsIcESaIcEEEEESaISB_ELN9__gnu_cxx12_Lock_policyE2EEEE3getEv
FN:96,_ZSt18__allocate_guardedISaISt23_Sp_counted_ptr_inplaceIN8nlohmann16json_abi_v3_11_26detail21output_string_adapterIcNSt7__cxx1112basic_stringIcSt11char_traitsIcESaIcEEEEESaISB_ELN9__gnu_cxx12_Lock_policyE2EEEESt15__allocated_ptrIT_ERSI_
FNDA:3,_ZSt18__allocate_guardedISaISt23_Sp_counted_ptr_inplaceIN8nlohmann16json_abi_v3_11_26detail21output_string_adapterIcNSt7__cxx1112basic_stringIcSt11char_traitsIcESaIcEEEEESaISB_ELN9__gnu_cxx12_Lock_policyE2EEEESt15__allocated_ptrIT_ERSI_
DA:53,6
DA:54,6
DA:55,6
DA:71,6
DA:73,6
DA:74,3
DA:75,6
DA:79,3
DA:81,3
DA:82,3
DA:86,3
DA:96,3
DA:98,3
end_of_record
SF:/home/agustin/MisCosas/so2-2024/h-p-cpp-hope-programming-cpp-agustinhernando2/build/_deps/nlohmann_json-src/include/nlohmann/detail/string_escape.hpp
FN:31,_ZN8nlohmann16json_abi_v3_11_26detail17replace_substringINSt7__cxx1112basic_stringIcSt11char_traitsIcESaIcEEEEEvRT_RKS9_SC_
FNDA:0,_ZN8nlohmann16json_abi_v3_11_26detail17replace_substringINSt7__cxx1112basic_stringIcSt11char_traitsIcESaIcEEEEEvRT_RKS9_SC_
FN:65,_ZN8nlohmann16json_abi_v3_11_26detailL8unescapeINSt7__cxx1112basic_stringIcSt11char_traitsIcESaIcEEEEEvRT_
FNDA:0,_ZN8nlohmann16json_abi_v3_11_26detailL8unescapeINSt7__cxx1112basic_stringIcSt11char_traitsIcESaIcEEEEEvRT_
DA:31,0
DA:34,0
DA:35,0
DA:36,0
DA:37,0
DA:38,0
DA:40,0
DA:65,0
DA:67,0
DA:68,0
DA:69,0
end_of_record
SF:/usr/include/c++/11/ext/type_traits.h
FN:152,_ZN9__gnu_cxx17__is_null_pointerIcEEbPT_
FNDA:108,_ZN9__gnu_cxx17__is_null_pointerIcEEbPT_
FN:152,_ZN9__gnu_cxx17__is_null_pointerIKcEEbPT_
FNDA:103,_ZN9__gnu_cxx17__is_null_pointerIKcEEbPT_
DA:152,108
DA:153,108
DA:152,103
DA:153,103
end_of_record
SF:/usr/include/c++/11/type_traits
FN:3419,_ZSt21is_constant_evaluatedv
FNDA:10458,_ZSt21is_constant_evaluatedv
DA:3419,10458
DA:3420,10458
end_of_record
SF:/usr/include/c++/11/bits/char_traits.h
FN:106,_ZN9__gnu_cxx11char_traitsIcE2eqERKcS3_
FNDA:0,_ZN9__gnu_cxx11char_traitsIcE2eqERKcS3_
FN:167,_ZN9__gnu_cxx11char_traitsIcE6lengthEPKc
FNDA:0,_ZN9__gnu_cxx11char_traitsIcE6lengthEPKc
FN:178,_ZN9__gnu_cxx11char_traitsIcE4findEPKcmRS2_
FNDA:0,_ZN9__gnu_cxx11char_traitsIcE4findEPKcmRS2_
FN:190,_ZN9__gnu_cxx11char_traitsIcE4moveEPcPKcm
FNDA:0,_ZN9__gnu_cxx11char_traitsIcE4moveEPcPKcm
FN:240,_ZN9__gnu_cxx11char_traitsIcE4copyEPcPKcm
FNDA:0,_ZN9__gnu_cxx11char_traitsIcE4copyEPcPKcm
FN:251,_ZN9__gnu_cxx11char_traitsIcE6assignEPcmc
FNDA:0,_ZN9__gnu_cxx11char_traitsIcE6assignEPcmc
FN:356,_ZNSt11char_traitsIcE6assignERcRKc
FNDA:6917,_ZNSt11char_traitsIcE6assignERcRKc
FN:364,_ZNSt11char_traitsIcE2ltERKcS2_
FNDA:0,_ZNSt11char_traitsIcE2ltERKcS2_
FN:372,_ZNSt11char_traitsIcE7compareEPKcS2_m
FNDA:704,_ZNSt11char_traitsIcE7compareEPKcS2_m
FN:393,_ZNSt11char_traitsIcE6lengthEPKc
FNDA:441,_ZNSt11char_traitsIcE6lengthEPKc
FN:403,_ZNSt11char_traitsIcE4findEPKcmRS1_
FNDA:1018,_ZNSt11char_traitsIcE4findEPKcmRS1_
FN:417,_ZNSt11char_traitsIcE4moveEPcPKcm
FNDA:0,_ZNSt11char_traitsIcE4moveEPcPKcm
FN:429,_ZNSt11char_traitsIcE4copyEPcPKcm
FNDA:3989,_ZNSt11char_traitsIcE4copyEPcPKcm
FN:441,_ZNSt11char_traitsIcE6assignEPcmc
FNDA:98,_ZNSt11char_traitsIcE6assignEPcmc
FN:453,_ZNSt11char_traitsIcE12to_char_typeERKi
FNDA:103,_ZNSt11char_traitsIcE12to_char_typeERKi
FN:966,_ZNSt8__detail21__char_traits_cmp_catISt11char_traitsIcEEEDai
FNDA:17,_ZNSt8__detail21__char_traits_cmp_catISt11char_traitsIcEEEDai
DA:106,0
DA:107,0
DA:167,0
DA:170,0
DA:171,0
DA:172,0
DA:173,0
DA:178,0
DA:181,0
DA:182,0
DA:183,0
DA:184,0
DA:190,0
DA:193,0
DA:194,0
DA:196,0
DA:198,0
DA:199,0
DA:203,0
DA:204,0
DA:205,0
DA:206,0
DA:230,0
DA:233,0
DA:234,0
DA:240,0
DA:244,0
DA:245,0
DA:251,0
DA:255,0
DA:256,0
DA:290,441
DA:356,6917
DA:357,6917
DA:364,0
DA:367,0
DA:368,0
DA:372,704
DA:374,704
DA:375,56
DA:377,648
DA:379,648
DA:381,0
DA:382,0
DA:383,0
DA:384,0
DA:385,0
DA:386,0
DA:389,648
DA:393,441
DA:396,441
DA:397,0
DA:399,441
DA:403,1018
DA:405,1018
DA:406,0
DA:408,1018
DA:410,1018
DA:411,0
DA:413,1018
DA:417,0
DA:419,0
DA:420,0
DA:422,0
DA:423,0
DA:425,0
DA:429,3989
DA:431,3989
DA:432,30
DA:434,3959
DA:435,0
DA:437,3959
DA:441,98
DA:443,98
DA:444,0
DA:446,98
DA:447,0
DA:449,98
DA:453,103
DA:454,103
DA:966,17
DA:972,17
end_of_record
SF:/home/agustin/MisCosas/so2-2024/h-p-cpp-hope-programming-cpp-agustinhernando2/lib/libsta/include/file_comunication_handler.hpp
end_of_record
SF:/usr/include/c++/11/array
FN:56,_ZNSt14__array_traitsIcLm2EE6_S_refERA2_Kcm
FNDA:0,_ZNSt14__array_traitsIcLm2EE6_S_refERA2_Kcm
FN:56,_ZNSt14__array_traitsISt5arrayIcLm2EELm100EE6_S_refERA100_KS1_m
FNDA:0,_ZNSt14__array_traitsISt5arrayIcLm2EELm100EE6_S_refERA100_KS1_m
FN:56,_ZNSt14__array_traitsIcLm512EE6_S_refERA512_Kcm
FNDA:24,_ZNSt14__array_traitsIcLm512EE6_S_refERA512_Kcm
FN:56,_ZNSt14__array_traitsIhLm400EE6_S_refERA400_Khm
FNDA:48,_ZNSt14__array_traitsIhLm400EE6_S_refERA400_Khm
FN:56,_ZNSt14__array_traitsIN8nlohmann16json_abi_v3_11_26detail9dtoa_impl12cached_powerELm79EE6_S_refERA79_KS4_m
FNDA:0,_ZNSt14__array_traitsIN8nlohmann16json_abi_v3_11_26detail9dtoa_impl12cached_powerELm79EE6_S_refERA79_KS4_m
FN:60,_ZNSt14__array_traitsIcLm512EE6_S_ptrERA512_Kc
FNDA:6,_ZNSt14__array_traitsIcLm512EE6_S_ptrERA512_Kc
FN:60,_ZNSt14__array_traitsIcLm64EE6_S_ptrERA64_Kc
FNDA:6,_ZNSt14__array_traitsIcLm64EE6_S_ptrERA64_Kc
FN:127,_ZNSt5arrayIcLm64EE5beginEv
FNDA:3,_ZNSt5arrayIcLm64EE5beginEv
FN:176,_ZNKSt5arrayIcLm64EE4sizeEv
FNDA:3,_ZNKSt5arrayIcLm64EE4sizeEv
FN:176,_ZNKSt5arrayIN8nlohmann16json_abi_v3_11_26detail9dtoa_impl12cached_powerELm79EE4sizeEv
FNDA:0,_ZNKSt5arrayIN8nlohmann16json_abi_v3_11_26detail9dtoa_impl12cached_powerELm79EE4sizeEv
FN:176,_ZNKSt5arrayIcLm512EE4sizeEv
FNDA:24,_ZNKSt5arrayIcLm512EE4sizeEv
FN:176,_ZNKSt5arrayIhLm400EE4sizeEv
FNDA:24,_ZNKSt5arrayIhLm400EE4sizeEv
FN:186,_ZNSt5arrayIcLm512EEixEm
FNDA:24,_ZNSt5arrayIcLm512EEixEm
FN:193,_ZNKSt5arrayIS_IcLm2EELm100EEixEm
FNDA:0,_ZNKSt5arrayIS_IcLm2EELm100EEixEm
FN:193,_ZNKSt5arrayIcLm2EEixEm
FNDA:0,_ZNKSt5arrayIcLm2EEixEm
FN:193,_ZNKSt5arrayIN8nlohmann16json_abi_v3_11_26detail9dtoa_impl12cached_powerELm79EEixEm
FNDA:0,_ZNKSt5arrayIN8nlohmann16json_abi_v3_11_26detail9dtoa_impl12cached_powerELm79EEixEm
FN:193,_ZNKSt5arrayIhLm400EEixEm
FNDA:48,_ZNKSt5arrayIhLm400EEixEm
FN:257,_ZNSt5arrayIcLm512EE4dataEv
FNDA:6,_ZNSt5arrayIcLm512EE4dataEv
FN:257,_ZNSt5arrayIcLm64EE4dataEv
FNDA:6,_ZNSt5arrayIcLm64EE4dataEv
DA:56,0
DA:57,0
DA:56,0
DA:57,0
DA:56,24
DA:57,24
DA:56,0
DA:57,0
DA:56,48
DA:57,48
DA:60,6
DA:61,6
DA:60,6
DA:61,6
DA:127,3
DA:128,3
DA:176,24
DA:176,3
DA:176,24
DA:176,0
DA:186,24
DA:189,24
DA:193,0
DA:198,0
DA:193,0
DA:198,0
DA:193,0
DA:198,0
DA:193,48
DA:198,48
DA:257,6
DA:258,6
DA:257,6
DA:258,6
end_of_record
SF:/usr/include/c++/11/bits/stl_iterator.h
FN:665,_ZNSt20back_insert_iteratorISt6vectorIN8nlohmann16json_abi_v3_11_210basic_jsonISt3mapS0_NSt7__cxx1112basic_stringIcSt11char_traitsIcESaIcEEEblmdSaNS2_14adl_serializerES0_IhSaIhEEEESaISE_EEEC2ERSG_
FNDA:0,_ZNSt20back_insert_iteratorISt6vectorIN8nlohmann16json_abi_v3_11_210basic_jsonISt3mapS0_NSt7__cxx1112basic_stringIcSt11char_traitsIcESaIcEEEblmdSaNS2_14adl_serializerES0_IhSaIhEEEESaISE_EEEC2ERSG_
FN:697,_ZNSt20back_insert_iteratorISt6vectorIN8nlohmann16json_abi_v3_11_210basic_jsonISt3mapS0_NSt7__cxx1112basic_stringIcSt11char_traitsIcESaIcEEEblmdSaNS2_14adl_serializerES0_IhSaIhEEEESaISE_EEEaSEOSE_
FNDA:0,_ZNSt20back_insert_iteratorISt6vectorIN8nlohmann16json_abi_v3_11_210basic_jsonISt3mapS0_NSt7__cxx1112basic_stringIcSt11char_traitsIcESaIcEEEblmdSaNS2_14adl_serializerES0_IhSaIhEEEESaISE_EEEaSEOSE_
FN:707,_ZNSt20back_insert_iteratorISt6vectorIN8nlohmann16json_abi_v3_11_210basic_jsonISt3mapS0_NSt7__cxx1112basic_stringIcSt11char_traitsIcESaIcEEEblmdSaNS2_14adl_serializerES0_IhSaIhEEEESaISE_EEEdeEv
FNDA:0,_ZNSt20back_insert_iteratorISt6vectorIN8nlohmann16json_abi_v3_11_210basic_jsonISt3mapS0_NSt7__cxx1112basic_stringIcSt11char_traitsIcESaIcEEEblmdSaNS2_14adl_serializerES0_IhSaIhEEEESaISE_EEEdeEv
FN:713,_ZNSt20back_insert_iteratorISt6vectorIN8nlohmann16json_abi_v3_11_210basic_jsonISt3mapS0_NSt7__cxx1112basic_stringIcSt11char_traitsIcESaIcEEEblmdSaNS2_14adl_serializerES0_IhSaIhEEEESaISE_EEEppEv
FNDA:0,_ZNSt20back_insert_iteratorISt6vectorIN8nlohmann16json_abi_v3_11_210basic_jsonISt3mapS0_NSt7__cxx1112basic_stringIcSt11char_traitsIcESaIcEEEblmdSaNS2_14adl_serializerES0_IhSaIhEEEESaISE_EEEppEv
FN:737,_ZSt13back_inserterISt6vectorIN8nlohmann16json_abi_v3_11_210basic_jsonISt3mapS0_NSt7__cxx1112basic_stringIcSt11char_traitsIcESaIcEEEblmdSaNS2_14adl_serializerES0_IhSaIhEEEESaISE_EEESt20back_insert_iteratorIT_ERSI_
FNDA:0,_ZSt13back_inserterISt6vectorIN8nlohmann16json_abi_v3_11_210basic_jsonISt3mapS0_NSt7__cxx1112basic_stringIcSt11char_traitsIcESaIcEEEblmdSaNS2_14adl_serializerES0_IhSaIhEEEESaISE_EEESt20back_insert_iteratorIT_ERSI_
FN:1027,_ZN9__gnu_cxx17__normal_iteratorIPhSt6vectorIhSaIhEEEC2ERKS1_
FNDA:0,_ZN9__gnu_cxx17__normal_iteratorIPhSt6vectorIhSaIhEEEC2ERKS1_
FN:1027,_ZN9__gnu_cxx17__normal_iteratorIPKhSt6vectorIhSaIhEEEC2ERKS2_
FNDA:0,_ZN9__gnu_cxx17__normal_iteratorIPKhSt6vectorIhSaIhEEEC2ERKS2_
FN:1027,_ZN9__gnu_cxx17__normal_iteratorIPKN8nlohmann16json_abi_v3_11_210basic_jsonISt3mapSt6vectorNSt7__cxx1112basic_stringIcSt11char_traitsIcESaIcEEEblmdSaNS2_14adl_serializerES5_IhSaIhEEEES5_ISF_SaISF_EEEC2ERKSH_
FNDA:36,_ZN9__gnu_cxx17__normal_iteratorIPKN8nlohmann16json_abi_v3_11_210basic_jsonISt3mapSt6vectorNSt7__cxx1112basic_stringIcSt11char_traitsIcESaIcEEEblmdSaNS2_14adl_serializerES5_IhSaIhEEEES5_ISF_SaISF_EEEC2ERKSH_
FN:1027,_ZN9__gnu_cxx17__normal_iteratorIPN8nlohmann16json_abi_v3_11_210basic_jsonISt3mapSt6vectorNSt7__cxx1112basic_stringIcSt11char_traitsIcESaIcEEEblmdSaNS2_14adl_serializerES5_IhSaIhEEEES5_ISF_SaISF_EEEC2ERKSG_
FNDA:40,_ZN9__gnu_cxx17__normal_iteratorIPN8nlohmann16json_abi_v3_11_210basic_jsonISt3mapSt6vectorNSt7__cxx1112basic_stringIcSt11char_traitsIcESaIcEEEblmdSaNS2_14adl_serializerES5_IhSaIhEEEES5_ISF_SaISF_EEEC2ERKSG_
FN:1042,_ZNK9__gnu_cxx17__normal_iteratorIPN8nlohmann16json_abi_v3_11_210basic_jsonISt3mapSt6vectorNSt7__cxx1112basic_stringIcSt11char_traitsIcESaIcEEEblmdSaNS2_14adl_serializerES5_IhSaIhEEEES5_ISF_SaISF_EEEdeEv
FNDA:20,_ZNK9__gnu_cxx17__normal_iteratorIPN8nlohmann16json_abi_v3_11_210basic_jsonISt3mapSt6vectorNSt7__cxx1112basic_stringIcSt11char_traitsIcESaIcEEEblmdSaNS2_14adl_serializerES5_IhSaIhEEEES5_ISF_SaISF_EEEdeEv
FN:1042,_ZNK9__gnu_cxx17__normal_iteratorIPKN8nlohmann16json_abi_v3_11_210basic_jsonISt3mapSt6vectorNSt7__cxx1112basic_stringIcSt11char_traitsIcESaIcEEEblmdSaNS2_14adl_serializerES5_IhSaIhEEEES5_ISF_SaISF_EEEdeEv
FNDA:0,_ZNK9__gnu_cxx17__normal_iteratorIPKN8nlohmann16json_abi_v3_11_210basic_jsonISt3mapSt6vectorNSt7__cxx1112basic_stringIcSt11char_traitsIcESaIcEEEblmdSaNS2_14adl_serializerES5_IhSaIhEEEES5_ISF_SaISF_EEEdeEv
FN:1042,_ZNK9__gnu_cxx17__normal_iteratorIPKhSt6vectorIhSaIhEEEdeEv
FNDA:0,_ZNK9__gnu_cxx17__normal_iteratorIPKhSt6vectorIhSaIhEEEdeEv
FN:1042,_ZNK9__gnu_cxx17__normal_iteratorIPhSt6vectorIhSaIhEEEdeEv
FNDA:0,_ZNK9__gnu_cxx17__normal_iteratorIPhSt6vectorIhSaIhEEEdeEv
FN:1052,_ZN9__gnu_cxx17__normal_iteratorIPKhSt6vectorIhSaIhEEEppEv
FNDA:0,_ZN9__gnu_cxx17__normal_iteratorIPKhSt6vectorIhSaIhEEEppEv
FN:1052,_ZN9__gnu_cxx17__normal_iteratorIPKN8nlohmann16json_abi_v3_11_210basic_jsonISt3mapSt6vectorNSt7__cxx1112basic_stringIcSt11char_traitsIcESaIcEEEblmdSaNS2_14adl_serializerES5_IhSaIhEEEES5_ISF_SaISF_EEEppEv
FNDA:0,_ZN9__gnu_cxx17__normal_iteratorIPKN8nlohmann16json_abi_v3_11_210basic_jsonISt3mapSt6vectorNSt7__cxx1112basic_stringIcSt11char_traitsIcESaIcEEEblmdSaNS2_14adl_serializerES5_IhSaIhEEEES5_ISF_SaISF_EEEppEv
FN:1100,_ZNK9__gnu_cxx17__normal_iteratorIPN8nlohmann16json_abi_v3_11_210basic_jsonISt3mapSt6vectorNSt7__cxx1112basic_stringIcSt11char_traitsIcESaIcEEEblmdSaNS2_14adl_serializerES5_IhSaIhEEEES5_ISF_SaISF_EEEmiEl
FNDA:20,_ZNK9__gnu_cxx17__normal_iteratorIPN8nlohmann16json_abi_v3_11_210basic_jsonISt3mapSt6vectorNSt7__cxx1112basic_stringIcSt11char_traitsIcESaIcEEEblmdSaNS2_14adl_serializerES5_IhSaIhEEEES5_ISF_SaISF_EEEmiEl
FN:1100,_ZNK9__gnu_cxx17__normal_iteratorIPhSt6vectorIhSaIhEEEmiEl
FNDA:0,_ZNK9__gnu_cxx17__normal_iteratorIPhSt6vectorIhSaIhEEEmiEl
FN:1100,_ZNK9__gnu_cxx17__normal_iteratorIPKhSt6vectorIhSaIhEEEmiEl
FNDA:0,_ZNK9__gnu_cxx17__normal_iteratorIPKhSt6vectorIhSaIhEEEmiEl
FN:1100,_ZNK9__gnu_cxx17__normal_iteratorIPKN8nlohmann16json_abi_v3_11_210basic_jsonISt3mapSt6vectorNSt7__cxx1112basic_stringIcSt11char_traitsIcESaIcEEEblmdSaNS2_14adl_serializerES5_IhSaIhEEEES5_ISF_SaISF_EEEmiEl
FNDA:0,_ZNK9__gnu_cxx17__normal_iteratorIPKN8nlohmann16json_abi_v3_11_210basic_jsonISt3mapSt6vectorNSt7__cxx1112basic_stringIcSt11char_traitsIcESaIcEEEblmdSaNS2_14adl_serializerES5_IhSaIhEEEES5_ISF_SaISF_EEEmiEl
FN:1105,_ZNK9__gnu_cxx17__normal_iteratorIPKhSt6vectorIhSaIhEEE4baseEv
FNDA:0,_ZNK9__gnu_cxx17__normal_iteratorIPKhSt6vectorIhSaIhEEE4baseEv
FN:1105,_ZNK9__gnu_cxx17__normal_iteratorIPKN8nlohmann16json_abi_v3_11_210basic_jsonISt3mapSt6vectorNSt7__cxx1112basic_stringIcSt11char_traitsIcESaIcEEEblmdSaNS2_14adl_serializerES5_IhSaIhEEEES5_ISF_SaISF_EEE4baseEv
FNDA:36,_ZNK9__gnu_cxx17__normal_iteratorIPKN8nlohmann16json_abi_v3_11_210basic_jsonISt3mapSt6vectorNSt7__cxx1112basic_stringIcSt11char_traitsIcESaIcEEEblmdSaNS2_14adl_serializerES5_IhSaIhEEEES5_ISF_SaISF_EEE4baseEv
FN:1105,_ZNK9__gnu_cxx17__normal_iteratorIPN8nlohmann16json_abi_v3_11_210basic_jsonISt3mapSt6vectorNSt7__cxx1112basic_stringIcSt11char_traitsIcESaIcEEEblmdSaNS2_14adl_serializerES5_IhSaIhEEEES5_ISF_SaISF_EEE4baseEv
FNDA:0,_ZNK9__gnu_cxx17__normal_iteratorIPN8nlohmann16json_abi_v3_11_210basic_jsonISt3mapSt6vectorNSt7__cxx1112basic_stringIcSt11char_traitsIcESaIcEEEblmdSaNS2_14adl_serializerES5_IhSaIhEEEES5_ISF_SaISF_EEE4baseEv
FN:1136,_ZN9__gnu_cxxeqIPKN8nlohmann16json_abi_v3_11_210basic_jsonISt3mapSt6vectorNSt7__cxx1112basic_stringIcSt11char_traitsIcESaIcEEEblmdSaNS2_14adl_serializerES5_IhSaIhEEEES5_ISF_SaISF_EEEEbRKNS_17__normal_iteratorIT_T0_EESP_
FNDA:18,_ZN9__gnu_cxxeqIPKN8nlohmann16json_abi_v3_11_210basic_jsonISt3mapSt6vectorNSt7__cxx1112basic_stringIcSt11char_traitsIcESaIcEEEblmdSaNS2_14adl_serializerES5_IhSaIhEEEES5_ISF_SaISF_EEEEbRKNS_17__normal_iteratorIT_T0_EESP_
FN:1136,_ZN9__gnu_cxxeqIPKhSt6vectorIhSaIhEEEEbRKNS_17__normal_iteratorIT_T0_EESB_
FNDA:0,_ZN9__gnu_cxxeqIPKhSt6vectorIhSaIhEEEEbRKNS_17__normal_iteratorIT_T0_EESB_
FN:1268,_ZN9__gnu_cxxmiIPN8nlohmann16json_abi_v3_11_210basic_jsonISt3mapSt6vectorNSt7__cxx1112basic_stringIcSt11char_traitsIcESaIcEEEblmdSaNS2_14adl_serializerES5_IhSaIhEEEES5_ISF_SaISF_EEEENS_17__normal_iteratorIT_T0_E15difference_typeERKSM_SP_
FNDA:0,_ZN9__gnu_cxxmiIPN8nlohmann16json_abi_v3_11_210basic_jsonISt3mapSt6vectorNSt7__cxx1112basic_stringIcSt11char_traitsIcESaIcEEEblmdSaNS2_14adl_serializerES5_IhSaIhEEEES5_ISF_SaISF_EEEENS_17__normal_iteratorIT_T0_E15difference_typeERKSM_SP_
FN:1291,_ZSt12__niter_baseIPN8nlohmann16json_abi_v3_11_210basic_jsonISt3mapSt6vectorNSt7__cxx1112basic_stringIcSt11char_traitsIcESaIcEEEblmdSaNS1_14adl_serializerES4_IhSaIhEEEES4_ISE_SaISE_EEET_N9__gnu_cxx17__normal_iteratorISI_T0_EE
FNDA:0,_ZSt12__niter_baseIPN8nlohmann16json_abi_v3_11_210basic_jsonISt3mapSt6vectorNSt7__cxx1112basic_stringIcSt11char_traitsIcESaIcEEEblmdSaNS1_14adl_serializerES4_IhSaIhEEEES4_ISE_SaISE_EEET_N9__gnu_cxx17__normal_iteratorISI_T0_EE
DA:665,0
DA:666,0
DA:697,0
DA:699,0
DA:700,0
DA:707,0
DA:708,0
DA:713,0
DA:714,0
DA:737,0
DA:738,0
DA:1027,0
DA:1028,0
DA:1027,0
DA:1028,0
DA:1027,36
DA:1028,36
DA:1027,40
DA:1028,40
DA:1042,0
DA:1043,0
DA:1042,20
DA:1043,20
DA:1042,0
DA:1043,0
DA:1042,0
DA:1043,0
DA:1052,0
DA:1054,0
DA:1055,0
DA:1052,0
DA:1054,0
DA:1055,0
DA:1100,0
DA:1101,0
DA:1100,20
DA:1101,20
DA:1100,0
DA:1101,0
DA:1100,0
DA:1101,0
DA:1105,0
DA:1106,0
DA:1105,0
DA:1106,0
DA:1105,36
DA:1106,36
DA:1136,0
DA:1142,0
DA:1136,18
DA:1142,18
DA:1268,0
DA:1271,0
DA:1291,0
DA:1293,0
end_of_record
SF:/usr/include/c++/11/bits/vector.tcc
FN:66,_ZNSt6vectorIN8nlohmann16json_abi_v3_11_210basic_jsonISt3mapS_NSt7__cxx1112basic_stringIcSt11char_traitsIcESaIcEEEblmdSaNS1_14adl_serializerES_IhSaIhEEEESaISD_EE7reserveEm
FNDA:8,_ZNSt6vectorIN8nlohmann16json_abi_v3_11_210basic_jsonISt3mapS_NSt7__cxx1112basic_stringIcSt11char_traitsIcESaIcEEEblmdSaNS1_14adl_serializerES_IhSaIhEEEESaISD_EE7reserveEm
FN:109,_ZNSt6vectorIN8nlohmann16json_abi_v3_11_210basic_jsonISt3mapS_NSt7__cxx1112basic_stringIcSt11char_traitsIcESaIcEEEblmdSaNS1_14adl_serializerES_IhSaIhEEEESaISD_EE12emplace_backIJSD_EEERSD_DpOT_
FNDA:10,_ZNSt6vectorIN8nlohmann16json_abi_v3_11_210basic_jsonISt3mapS_NSt7__cxx1112basic_stringIcSt11char_traitsIcESaIcEEEblmdSaNS1_14adl_serializerES_IhSaIhEEEESaISD_EE12emplace_backIJSD_EEERSD_DpOT_
FN:426,_ZNSt6vectorIN8nlohmann16json_abi_v3_11_210basic_jsonISt3mapS_NSt7__cxx1112basic_stringIcSt11char_traitsIcESaIcEEEblmdSaNS1_14adl_serializerES_IhSaIhEEEESaISD_EE17_M_realloc_insertIJSD_EEEvN9__gnu_cxx17__normal_iteratorIPSD_SF_EEDpOT_
FNDA:0,_ZNSt6vectorIN8nlohmann16json_abi_v3_11_210basic_jsonISt3mapS_NSt7__cxx1112basic_stringIcSt11char_traitsIcESaIcEEEblmdSaNS1_14adl_serializerES_IhSaIhEEEESaISD_EE17_M_realloc_insertIJSD_EEEvN9__gnu_cxx17__normal_iteratorIPSD_SF_EEDpOT_
DA:66,8
DA:69,8
DA:70,0
DA:71,8
DA:73,4
DA:78,4
DA:79,4
DA:80,4
DA:92,4
DA:93,4
DA:94,4
DA:95,4
DA:96,4
DA:97,4
DA:99,8
DA:109,10
DA:112,10
DA:115,10
DA:117,10
DA:121,0
DA:123,10
DA:426,0
DA:436,0
DA:437,0
DA:438,0
DA:439,0
DA:440,0
DA:441,0
DA:449,0
DA:450,0
DA:456,0
DA:461,0
DA:462,0
DA:464,0
DA:466,0
DA:467,0
DA:500,0
DA:501,0
DA:502,0
DA:503,0
DA:504,0
DA:505,0
end_of_record
SF:/home/agustin/MisCosas/so2-2024/h-p-cpp-hope-programming-cpp-agustinhernando2/build/_deps/nlohmann_json-src/include/nlohmann/detail/output/output_adapters.hpp
FN:34,_ZN8nlohmann16json_abi_v3_11_26detail23output_adapter_protocolIcED0Ev
FNDA:0,_ZN8nlohmann16json_abi_v3_11_26detail23output_adapter_protocolIcED0Ev
FN:34,_ZN8nlohmann16json_abi_v3_11_26detail23output_adapter_protocolIcED2Ev
FNDA:3,_ZN8nlohmann16json_abi_v3_11_26detail23output_adapter_protocolIcED2Ev
FN:36,_ZN8nlohmann16json_abi_v3_11_26detail23output_adapter_protocolIcEC2Ev
FNDA:3,_ZN8nlohmann16json_abi_v3_11_26detail23output_adapter_protocolIcEC2Ev
FN:102,_ZN8nlohmann16json_abi_v3_11_26detail21output_string_adapterIcNSt7__cxx1112basic_stringIcSt11char_traitsIcESaIcEEEEC2ERS8_
FNDA:3,_ZN8nlohmann16json_abi_v3_11_26detail21output_string_adapterIcNSt7__cxx1112basic_stringIcSt11char_traitsIcESaIcEEEEC2ERS8_
FN:106,_ZN8nlohmann16json_abi_v3_11_26detail21output_string_adapterIcNSt7__cxx1112basic_stringIcSt11char_traitsIcESaIcEEEE15write_characterEc
FNDA:18,_ZN8nlohmann16json_abi_v3_11_26detail21output_string_adapterIcNSt7__cxx1112basic_stringIcSt11char_traitsIcESaIcEEEE15write_characterEc
FN:112,_ZN8nlohmann16json_abi_v3_11_26detail21output_string_adapterIcNSt7__cxx1112basic_stringIcSt11char_traitsIcESaIcEEEE16write_charactersEPKcm
FNDA:27,_ZN8nlohmann16json_abi_v3_11_26detail21output_string_adapterIcNSt7__cxx1112basic_stringIcSt11char_traitsIcESaIcEEEE16write_charactersEPKcm
FN:134,_ZN8nlohmann16json_abi_v3_11_26detail14output_adapterIcNSt7__cxx1112basic_stringIcSt11char_traitsIcESaIcEEEEC2ERS8_
FNDA:3,_ZN8nlohmann16json_abi_v3_11_26detail14output_adapterIcNSt7__cxx1112basic_stringIcSt11char_traitsIcESaIcEEEEC2ERS8_
FN:137,_ZN8nlohmann16json_abi_v3_11_26detail14output_adapterIcNSt7__cxx1112basic_stringIcSt11char_traitsIcESaIcEEEEcvSt10shared_ptrINS1_23output_adapter_protocolIcEEEEv
FNDA:3,_ZN8nlohmann16json_abi_v3_11_26detail14output_adapterIcNSt7__cxx1112basic_stringIcSt11char_traitsIcESaIcEEEEcvSt10shared_ptrINS1_23output_adapter_protocolIcEEEEv
DA:34,0
DA:34,3
DA:36,3
DA:102,3
DA:103,3
DA:104,3
DA:106,18
DA:108,18
DA:109,18
DA:112,27
DA:114,27
DA:115,27
DA:134,3
DA:135,3
DA:137,3
DA:139,3
end_of_record
SF:/home/agustin/MisCosas/so2-2024/h-p-cpp-hope-programming-cpp-agustinhernando2/build/_deps/googletest-src/googletest/include/gtest/internal/gtest-port.h
FN:967,_ZN7testing8internal8GTestLog9GetStreamEv
FNDA:0,_ZN7testing8internal8GTestLog9GetStreamEv
DA:967,0
end_of_record
SF:/usr/include/c++/11/bits/stl_iterator_base_funcs.h
FN:98,_ZSt10__distanceIPcENSt15iterator_traitsIT_E15difference_typeES2_S2_St26random_access_iterator_tag
FNDA:108,_ZSt10__distanceIPcENSt15iterator_traitsIT_E15difference_typeES2_S2_St26random_access_iterator_tag
FN:98,_ZSt10__distanceIPKcENSt15iterator_traitsIT_E15difference_typeES3_S3_St26random_access_iterator_tag
FNDA:103,_ZSt10__distanceIPKcENSt15iterator_traitsIT_E15difference_typeES3_S3_St26random_access_iterator_tag
FN:138,_ZSt8distanceIPcENSt15iterator_traitsIT_E15difference_typeES2_S2_
FNDA:108,_ZSt8distanceIPcENSt15iterator_traitsIT_E15difference_typeES2_S2_
FN:138,_ZSt8distanceIPKcENSt15iterator_traitsIT_E15difference_typeES3_S3_
FNDA:103,_ZSt8distanceIPKcENSt15iterator_traitsIT_E15difference_typeES3_S3_
FN:158,_ZSt9__advanceISt23_Rb_tree_const_iteratorISt4pairIKNSt7__cxx1112basic_stringIcSt11char_traitsIcESaIcEEEN8nlohmann16json_abi_v3_11_210basic_jsonISt3mapSt6vectorS7_blmdSaNSA_14adl_serializerESD_IhSaIhEEEEEElEvRT_T0_St26bidirectional_iterator_tag
FNDA:6,_ZSt9__advanceISt23_Rb_tree_const_iteratorISt4pairIKNSt7__cxx1112basic_stringIcSt11char_traitsIcESaIcEEEN8nlohmann16json_abi_v3_11_210basic_jsonISt3mapSt6vectorS7_blmdSaNSA_14adl_serializerESD_IhSaIhEEEEEElEvRT_T0_St26bidirectional_iterator_tag
FN:202,_ZSt7advanceISt23_Rb_tree_const_iteratorISt4pairIKNSt7__cxx1112basic_stringIcSt11char_traitsIcESaIcEEEN8nlohmann16json_abi_v3_11_210basic_jsonISt3mapSt6vectorS7_blmdSaNSA_14adl_serializerESD_IhSaIhEEEEEElEvRT_T0_
FNDA:6,_ZSt7advanceISt23_Rb_tree_const_iteratorISt4pairIKNSt7__cxx1112basic_stringIcSt11char_traitsIcESaIcEEEN8nlohmann16json_abi_v3_11_210basic_jsonISt3mapSt6vectorS7_blmdSaNSA_14adl_serializerESD_IhSaIhEEEEEElEvRT_T0_
FN:213,_ZSt4nextISt23_Rb_tree_const_iteratorISt4pairIKNSt7__cxx1112basic_stringIcSt11char_traitsIcESaIcEEEN8nlohmann16json_abi_v3_11_210basic_jsonISt3mapSt6vectorS7_blmdSaNSA_14adl_serializerESD_IhSaIhEEEEEEET_SK_NSt15iterator_traitsISK_E15difference_typeE
FNDA:6,_ZSt4nextISt23_Rb_tree_const_iteratorISt4pairIKNSt7__cxx1112basic_stringIcSt11char_traitsIcESaIcEEEN8nlohmann16json_abi_v3_11_210basic_jsonISt3mapSt6vectorS7_blmdSaNSA_14adl_serializerESD_IhSaIhEEEEEEET_SK_NSt15iterator_traitsISK_E15difference_typeE
DA:98,108
DA:104,108
DA:98,103
DA:104,103
DA:138,108
DA:141,108
DA:142,216
DA:138,103
DA:141,103
DA:142,206
DA:158,6
DA:164,6
DA:165,12
DA:166,6
DA:168,0
DA:169,0
DA:170,6
DA:202,6
DA:205,6
DA:206,6
DA:207,6
DA:213,6
DA:218,6
DA:219,6
end_of_record
SF:/usr/include/c++/11/ext/new_allocator.h
FN:79,_ZN9__gnu_cxx13new_allocatorIcEC2Ev
FNDA:0,_ZN9__gnu_cxx13new_allocatorIcEC2Ev
FN:79,_ZN9__gnu_cxx13new_allocatorIN8nlohmann16json_abi_v3_11_210basic_jsonISt3mapSt6vectorNSt7__cxx1112basic_stringIcSt11char_traitsIcESaIcEEEblmdSaNS2_14adl_serializerES5_IhSaIhEEEEEC2Ev
FNDA:8,_ZN9__gnu_cxx13new_allocatorIN8nlohmann16json_abi_v3_11_210basic_jsonISt3mapSt6vectorNSt7__cxx1112basic_stringIcSt11char_traitsIcESaIcEEEblmdSaNS2_14adl_serializerES5_IhSaIhEEEEEC2Ev
FN:79,_ZN9__gnu_cxx13new_allocatorIN8nlohmann16json_abi_v3_11_26detail21output_string_adapterIcNSt7__cxx1112basic_stringIcSt11char_traitsIcESaIcEEEEEEC2Ev
FNDA:3,_ZN9__gnu_cxx13new_allocatorIN8nlohmann16json_abi_v3_11_26detail21output_string_adapterIcNSt7__cxx1112basic_stringIcSt11char_traitsIcESaIcEEEEEEC2Ev
FN:79,_ZN9__gnu_cxx13new_allocatorIhEC2Ev
FNDA:0,_ZN9__gnu_cxx13new_allocatorIhEC2Ev
FN:79,_ZN9__gnu_cxx13new_allocatorISt23_Sp_counted_ptr_inplaceIN8nlohmann16json_abi_v3_11_26detail21output_string_adapterIcNSt7__cxx1112basic_stringIcSt11char_traitsIcESaIcEEEEESaISC_ELNS_12_Lock_policyE2EEEC2Ev
FNDA:6,_ZN9__gnu_cxx13new_allocatorISt23_Sp_counted_ptr_inplaceIN8nlohmann16json_abi_v3_11_26detail21output_string_adapterIcNSt7__cxx1112basic_stringIcSt11char_traitsIcESaIcEEEEESaISC_ELNS_12_Lock_policyE2EEEC2Ev
FN:79,_ZN9__gnu_cxx13new_allocatorISt13_Rb_tree_nodeISt4pairIKNSt7__cxx1112basic_stringIcSt11char_traitsIcESaIcEEEN8nlohmann16json_abi_v3_11_210basic_jsonISt3mapSt6vectorS8_blmdSaNSB_14adl_serializerESE_IhSaIhEEEEEEEC2Ev
FNDA:8,_ZN9__gnu_cxx13new_allocatorISt13_Rb_tree_nodeISt4pairIKNSt7__cxx1112basic_stringIcSt11char_traitsIcESaIcEEEN8nlohmann16json_abi_v3_11_210basic_jsonISt3mapSt6vectorS8_blmdSaNSB_14adl_serializerESE_IhSaIhEEEEEEEC2Ev
FN:82,_ZN9__gnu_cxx13new_allocatorIcEC2ERKS1_
FNDA:0,_ZN9__gnu_cxx13new_allocatorIcEC2ERKS1_
FN:82,_ZN9__gnu_cxx13new_allocatorIN8nlohmann16json_abi_v3_11_26detail21output_string_adapterIcNSt7__cxx1112basic_stringIcSt11char_traitsIcESaIcEEEEEEC2ERKSC_
FNDA:9,_ZN9__gnu_cxx13new_allocatorIN8nlohmann16json_abi_v3_11_26detail21output_string_adapterIcNSt7__cxx1112basic_stringIcSt11char_traitsIcESaIcEEEEEEC2ERKSC_
FN:103,_ZN9__gnu_cxx13new_allocatorISt23_Sp_counted_ptr_inplaceIN8nlohmann16json_abi_v3_11_26detail21output_string_adapterIcNSt7__cxx1112basic_stringIcSt11char_traitsIcESaIcEEEEESaISC_ELNS_12_Lock_policyE2EEE8allocateEmPKv
FNDA:3,_ZN9__gnu_cxx13new_allocatorISt23_Sp_counted_ptr_inplaceIN8nlohmann16json_abi_v3_11_26detail21output_string_adapterIcNSt7__cxx1112basic_stringIcSt11char_traitsIcESaIcEEEEESaISC_ELNS_12_Lock_policyE2EEE8allocateEmPKv
FN:103,_ZN9__gnu_cxx13new_allocatorIcE8allocateEmPKv
FNDA:5444,_ZN9__gnu_cxx13new_allocatorIcE8allocateEmPKv
FN:103,_ZN9__gnu_cxx13new_allocatorINSt7__cxx1112basic_stringIcSt11char_traitsIcESaIcEEEE8allocateEmPKv
FNDA:17,_ZN9__gnu_cxx13new_allocatorINSt7__cxx1112basic_stringIcSt11char_traitsIcESaIcEEEE8allocateEmPKv
FN:103,_ZN9__gnu_cxx13new_allocatorISt3mapINSt7__cxx1112basic_stringIcSt11char_traitsIcESaIcEEEN8nlohmann16json_abi_v3_11_210basic_jsonIS1_St6vectorS7_blmdSaNS9_14adl_serializerESB_IhSaIhEEEESt4lessIvESaISt4pairIKS7_SF_EEEE8allocateEmPKv
FNDA:8,_ZN9__gnu_cxx13new_allocatorISt3mapINSt7__cxx1112basic_stringIcSt11char_traitsIcESaIcEEEN8nlohmann16json_abi_v3_11_210basic_jsonIS1_St6vectorS7_blmdSaNS9_14adl_serializerESB_IhSaIhEEEESt4lessIvESaISt4pairIKS7_SF_EEEE8allocateEmPKv
FN:103,_ZN9__gnu_cxx13new_allocatorIN8nlohmann16json_abi_v3_11_210basic_jsonISt3mapSt6vectorNSt7__cxx1112basic_stringIcSt11char_traitsIcESaIcEEEblmdSaNS2_14adl_serializerES5_IhSaIhEEEEE8allocateEmPKv
FNDA:4,_ZN9__gnu_cxx13new_allocatorIN8nlohmann16json_abi_v3_11_210basic_jsonISt3mapSt6vectorNSt7__cxx1112basic_stringIcSt11char_traitsIcESaIcEEEblmdSaNS2_14adl_serializerES5_IhSaIhEEEEE8allocateEmPKv
FN:103,_ZN9__gnu_cxx13new_allocatorIN8nlohmann16json_abi_v3_11_227byte_container_with_subtypeISt6vectorIhSaIhEEEEE8allocateEmPKv
FNDA:0,_ZN9__gnu_cxx13new_allocatorIN8nlohmann16json_abi_v3_11_227byte_container_with_subtypeISt6vectorIhSaIhEEEEE8allocateEmPKv
FN:103,_ZN9__gnu_cxx13new_allocatorISt13_Rb_tree_nodeISt4pairIKNSt7__cxx1112basic_stringIcSt11char_traitsIcESaIcEEEN8nlohmann16json_abi_v3_11_210basic_jsonISt3mapSt6vectorS8_blmdSaNSB_14adl_serializerESE_IhSaIhEEEEEEE8allocateEmPKv
FNDA:14,_ZN9__gnu_cxx13new_allocatorISt13_Rb_tree_nodeISt4pairIKNSt7__cxx1112basic_stringIcSt11char_traitsIcESaIcEEEN8nlohmann16json_abi_v3_11_210basic_jsonISt3mapSt6vectorS8_blmdSaNSB_14adl_serializerESE_IhSaIhEEEEEEE8allocateEmPKv
FN:103,_ZN9__gnu_cxx13new_allocatorISt6vectorIN8nlohmann16json_abi_v3_11_210basic_jsonISt3mapS1_NSt7__cxx1112basic_stringIcSt11char_traitsIcESaIcEEEblmdSaNS3_14adl_serializerES1_IhSaIhEEEESaISF_EEE8allocateEmPKv
FNDA:0,_ZN9__gnu_cxx13new_allocatorISt6vectorIN8nlohmann16json_abi_v3_11_210basic_jsonISt3mapS1_NSt7__cxx1112basic_stringIcSt11char_traitsIcESaIcEEEblmdSaNS3_14adl_serializerES1_IhSaIhEEEESaISF_EEE8allocateEmPKv
FN:132,_ZN9__gnu_cxx13new_allocatorIN8nlohmann16json_abi_v3_11_227byte_container_with_subtypeISt6vectorIhSaIhEEEEE10deallocateEPS7_m
FNDA:0,_ZN9__gnu_cxx13new_allocatorIN8nlohmann16json_abi_v3_11_227byte_container_with_subtypeISt6vectorIhSaIhEEEEE10deallocateEPS7_m
FN:132,_ZN9__gnu_cxx13new_allocatorISt23_Sp_counted_ptr_inplaceIN8nlohmann16json_abi_v3_11_26detail21output_string_adapterIcNSt7__cxx1112basic_stringIcSt11char_traitsIcESaIcEEEEESaISC_ELNS_12_Lock_policyE2EEE10deallocateEPSF_m
FNDA:3,_ZN9__gnu_cxx13new_allocatorISt23_Sp_counted_ptr_inplaceIN8nlohmann16json_abi_v3_11_26detail21output_string_adapterIcNSt7__cxx1112basic_stringIcSt11char_traitsIcESaIcEEEEESaISC_ELNS_12_Lock_policyE2EEE10deallocateEPSF_m
FN:132,_ZN9__gnu_cxx13new_allocatorIhE10deallocateEPhm
FNDA:0,_ZN9__gnu_cxx13new_allocatorIhE10deallocateEPhm
FN:132,_ZN9__gnu_cxx13new_allocatorIcE10deallocateEPcm
FNDA:745,_ZN9__gnu_cxx13new_allocatorIcE10deallocateEPcm
FN:132,_ZN9__gnu_cxx13new_allocatorISt13_Rb_tree_nodeISt4pairIKNSt7__cxx1112basic_stringIcSt11char_traitsIcESaIcEEEN8nlohmann16json_abi_v3_11_210basic_jsonISt3mapSt6vectorS8_blmdSaNSB_14adl_serializerESE_IhSaIhEEEEEEE10deallocateEPSK_m
FNDA:14,_ZN9__gnu_cxx13new_allocatorISt13_Rb_tree_nodeISt4pairIKNSt7__cxx1112basic_stringIcSt11char_traitsIcESaIcEEEN8nlohmann16json_abi_v3_11_210basic_jsonISt3mapSt6vectorS8_blmdSaNSB_14adl_serializerESE_IhSaIhEEEEEEE10deallocateEPSK_m
FN:132,_ZN9__gnu_cxx13new_allocatorISt3mapINSt7__cxx1112basic_stringIcSt11char_traitsIcESaIcEEEN8nlohmann16json_abi_v3_11_210basic_jsonIS1_St6vectorS7_blmdSaNS9_14adl_serializerESB_IhSaIhEEEESt4lessIvESaISt4pairIKS7_SF_EEEE10deallocateEPSM_m
FNDA:8,_ZN9__gnu_cxx13new_allocatorISt3mapINSt7__cxx1112basic_stringIcSt11char_traitsIcESaIcEEEN8nlohmann16json_abi_v3_11_210basic_jsonIS1_St6vectorS7_blmdSaNS9_14adl_serializerESB_IhSaIhEEEESt4lessIvESaISt4pairIKS7_SF_EEEE10deallocateEPSM_m
FN:132,_ZN9__gnu_cxx13new_allocatorISt6vectorIN8nlohmann16json_abi_v3_11_210basic_jsonISt3mapS1_NSt7__cxx1112basic_stringIcSt11char_traitsIcESaIcEEEblmdSaNS3_14adl_serializerES1_IhSaIhEEEESaISF_EEE10deallocateEPSH_m
FNDA:0,_ZN9__gnu_cxx13new_allocatorISt6vectorIN8nlohmann16json_abi_v3_11_210basic_jsonISt3mapS1_NSt7__cxx1112basic_stringIcSt11char_traitsIcESaIcEEEblmdSaNS3_14adl_serializerES1_IhSaIhEEEESaISF_EEE10deallocateEPSH_m
FN:132,_ZN9__gnu_cxx13new_allocatorINSt7__cxx1112basic_stringIcSt11char_traitsIcESaIcEEEE10deallocateEPS6_m
FNDA:17,_ZN9__gnu_cxx13new_allocatorINSt7__cxx1112basic_stringIcSt11char_traitsIcESaIcEEEE10deallocateEPS6_m
FN:132,_ZN9__gnu_cxx13new_allocatorIN8nlohmann16json_abi_v3_11_210basic_jsonISt3mapSt6vectorNSt7__cxx1112basic_stringIcSt11char_traitsIcESaIcEEEblmdSaNS2_14adl_serializerES5_IhSaIhEEEEE10deallocateEPSF_m
FNDA:4,_ZN9__gnu_cxx13new_allocatorIN8nlohmann16json_abi_v3_11_210basic_jsonISt3mapSt6vectorNSt7__cxx1112basic_stringIcSt11char_traitsIcESaIcEEEblmdSaNS2_14adl_serializerES5_IhSaIhEEEEE10deallocateEPSF_m
FN:197,_ZNK9__gnu_cxx13new_allocatorINSt7__cxx1112basic_stringIcSt11char_traitsIcESaIcEEEE11_M_max_sizeEv
FNDA:17,_ZNK9__gnu_cxx13new_allocatorINSt7__cxx1112basic_stringIcSt11char_traitsIcESaIcEEEE11_M_max_sizeEv
FN:197,_ZNK9__gnu_cxx13new_allocatorISt13_Rb_tree_nodeISt4pairIKNSt7__cxx1112basic_stringIcSt11char_traitsIcESaIcEEEN8nlohmann16json_abi_v3_11_210basic_jsonISt3mapSt6vectorS8_blmdSaNSB_14adl_serializerESE_IhSaIhEEEEEEE11_M_max_sizeEv
FNDA:14,_ZNK9__gnu_cxx13new_allocatorISt13_Rb_tree_nodeISt4pairIKNSt7__cxx1112basic_stringIcSt11char_traitsIcESaIcEEEN8nlohmann16json_abi_v3_11_210basic_jsonISt3mapSt6vectorS8_blmdSaNSB_14adl_serializerESE_IhSaIhEEEEEEE11_M_max_sizeEv
FN:197,_ZNK9__gnu_cxx13new_allocatorISt3mapINSt7__cxx1112basic_stringIcSt11char_traitsIcESaIcEEEN8nlohmann16json_abi_v3_11_210basic_jsonIS1_St6vectorS7_blmdSaNS9_14adl_serializerESB_IhSaIhEEEESt4lessIvESaISt4pairIKS7_SF_EEEE11_M_max_sizeEv
FNDA:8,_ZNK9__gnu_cxx13new_allocatorISt3mapINSt7__cxx1112basic_stringIcSt11char_traitsIcESaIcEEEN8nlohmann16json_abi_v3_11_210basic_jsonIS1_St6vectorS7_blmdSaNS9_14adl_serializerESB_IhSaIhEEEESt4lessIvESaISt4pairIKS7_SF_EEEE11_M_max_sizeEv
FN:197,_ZNK9__gnu_cxx13new_allocatorIN8nlohmann16json_abi_v3_11_210basic_jsonISt3mapSt6vectorNSt7__cxx1112basic_stringIcSt11char_traitsIcESaIcEEEblmdSaNS2_14adl_serializerES5_IhSaIhEEEEE11_M_max_sizeEv
FNDA:4,_ZNK9__gnu_cxx13new_allocatorIN8nlohmann16json_abi_v3_11_210basic_jsonISt3mapSt6vectorNSt7__cxx1112basic_stringIcSt11char_traitsIcESaIcEEEblmdSaNS2_14adl_serializerES5_IhSaIhEEEEE11_M_max_sizeEv
FN:197,_ZNK9__gnu_cxx13new_allocatorIN8nlohmann16json_abi_v3_11_227byte_container_with_subtypeISt6vectorIhSaIhEEEEE11_M_max_sizeEv
FNDA:0,_ZNK9__gnu_cxx13new_allocatorIN8nlohmann16json_abi_v3_11_227byte_container_with_subtypeISt6vectorIhSaIhEEEEE11_M_max_sizeEv
FN:197,_ZNK9__gnu_cxx13new_allocatorIcE11_M_max_sizeEv
FNDA:5444,_ZNK9__gnu_cxx13new_allocatorIcE11_M_max_sizeEv
FN:197,_ZNK9__gnu_cxx13new_allocatorISt23_Sp_counted_ptr_inplaceIN8nlohmann16json_abi_v3_11_26detail21output_string_adapterIcNSt7__cxx1112basic_stringIcSt11char_traitsIcESaIcEEEEESaISC_ELNS_12_Lock_policyE2EEE11_M_max_sizeEv
FNDA:3,_ZNK9__gnu_cxx13new_allocatorISt23_Sp_counted_ptr_inplaceIN8nlohmann16json_abi_v3_11_26detail21output_string_adapterIcNSt7__cxx1112basic_stringIcSt11char_traitsIcESaIcEEEEESaISC_ELNS_12_Lock_policyE2EEE11_M_max_sizeEv
FN:197,_ZNK9__gnu_cxx13new_allocatorISt6vectorIN8nlohmann16json_abi_v3_11_210basic_jsonISt3mapS1_NSt7__cxx1112basic_stringIcSt11char_traitsIcESaIcEEEblmdSaNS3_14adl_serializerES1_IhSaIhEEEESaISF_EEE11_M_max_sizeEv
FNDA:0,_ZNK9__gnu_cxx13new_allocatorISt6vectorIN8nlohmann16json_abi_v3_11_210basic_jsonISt3mapS1_NSt7__cxx1112basic_stringIcSt11char_traitsIcESaIcEEEblmdSaNS3_14adl_serializerES1_IhSaIhEEEESaISF_EEE11_M_max_sizeEv
DA:79,0
DA:79,6
DA:79,8
DA:79,3
DA:79,8
DA:79,0
DA:82,9
DA:82,0
DA:103,3
DA:111,3
DA:115,0
DA:116,0
DA:117,0
DA:127,3
DA:103,14
DA:111,14
DA:115,0
DA:116,0
DA:117,0
DA:127,14
DA:103,0
DA:111,0
DA:115,0
DA:116,0
DA:117,0
DA:127,0
DA:103,0
DA:111,0
DA:115,0
DA:116,0
DA:117,0
DA:127,0
DA:103,4
DA:111,4
DA:115,0
DA:116,0
DA:117,0
DA:127,4
DA:103,8
DA:111,8
DA:115,0
DA:116,0
DA:117,0
DA:127,8
DA:103,17
DA:111,17
DA:115,0
DA:116,0
DA:117,0
DA:127,17
DA:103,5444
DA:111,5444
DA:117,0
DA:127,5444
DA:132,3
DA:145,3
DA:132,0
DA:145,0
DA:132,14
DA:145,14
DA:132,4
DA:145,4
DA:132,0
DA:145,0
DA:132,17
DA:145,17
DA:132,0
DA:145,0
DA:132,8
DA:145,8
DA:132,745
DA:145,745
DA:197,3
DA:200,3
DA:197,14
DA:200,14
DA:197,0
DA:200,0
DA:197,0
DA:200,0
DA:197,4
DA:200,4
DA:197,8
DA:200,8
DA:197,17
DA:200,17
DA:197,5444
DA:200,5444
end_of_record
SF:/home/agustin/MisCosas/so2-2024/h-p-cpp-hope-programming-cpp-agustinhernando2/build/_deps/googletest-src/googletest/include/gtest/gtest-assertion-result.h
FN:174,_ZNK7testing15AssertionResultcvbEv
FNDA:2,_ZNK7testing15AssertionResultcvbEv
FN:183,_ZNK7testing15AssertionResult7messageEv
FNDA:0,_ZNK7testing15AssertionResult7messageEv
FN:187,_ZNK7testing15AssertionResult15failure_messageEv
FNDA:0,_ZNK7testing15AssertionResult15failure_messageEv
DA:174,2
DA:183,0
DA:184,0
DA:187,0
end_of_record
SF:/usr/include/c++/11/compare
FN:59,_ZNSt9__cmp_cat8__unspecC2EPS0_
FNDA:17,_ZNSt9__cmp_cat8__unspecC2EPS0_
FN:264,_ZStltSt15strong_orderingNSt9__cmp_cat8__unspecE
FNDA:17,_ZStltSt15strong_orderingNSt9__cmp_cat8__unspecE
DA:59,17
DA:264,17
DA:265,17
end_of_record
SF:/usr/include/c++/11/bits/stl_construct.h
FN:80,_ZSt10destroy_atIhEvPT_
FNDA:0,_ZSt10destroy_atIhEvPT_
FN:80,_ZSt10destroy_atISt3mapINSt7__cxx1112basic_stringIcSt11char_traitsIcESaIcEEEN8nlohmann16json_abi_v3_11_210basic_jsonIS0_St6vectorS6_blmdSaNS8_14adl_serializerESA_IhSaIhEEEESt4lessIvESaISt4pairIKS6_SE_EEEEvPT_
FNDA:8,_ZSt10destroy_atISt3mapINSt7__cxx1112basic_stringIcSt11char_traitsIcESaIcEEEN8nlohmann16json_abi_v3_11_210basic_jsonIS0_St6vectorS6_blmdSaNS8_14adl_serializerESA_IhSaIhEEEESt4lessIvESaISt4pairIKS6_SE_EEEEvPT_
FN:80,_ZSt10destroy_atISt6vectorIN8nlohmann16json_abi_v3_11_210basic_jsonISt3mapS0_NSt7__cxx1112basic_stringIcSt11char_traitsIcESaIcEEEblmdSaNS2_14adl_serializerES0_IhSaIhEEEESaISE_EEEvPT_
FNDA:0,_ZSt10destroy_atISt6vectorIN8nlohmann16json_abi_v3_11_210basic_jsonISt3mapS0_NSt7__cxx1112basic_stringIcSt11char_traitsIcESaIcEEEblmdSaNS2_14adl_serializerES0_IhSaIhEEEESaISE_EEEvPT_
FN:80,_ZSt10destroy_atINSt7__cxx1112basic_stringIcSt11char_traitsIcESaIcEEEEvPT_
FNDA:23,_ZSt10destroy_atINSt7__cxx1112basic_stringIcSt11char_traitsIcESaIcEEEEvPT_
FN:80,_ZSt10destroy_atIN8nlohmann16json_abi_v3_11_227byte_container_with_subtypeISt6vectorIhSaIhEEEEEvPT_
FNDA:0,_ZSt10destroy_atIN8nlohmann16json_abi_v3_11_227byte_container_with_subtypeISt6vectorIhSaIhEEEEEvPT_
FN:80,_ZSt10destroy_atIN8nlohmann16json_abi_v3_11_210basic_jsonISt3mapSt6vectorNSt7__cxx1112basic_stringIcSt11char_traitsIcESaIcEEEblmdSaNS1_14adl_serializerES4_IhSaIhEEEEEvPT_
FNDA:10,_ZSt10destroy_atIN8nlohmann16json_abi_v3_11_210basic_jsonISt3mapSt6vectorNSt7__cxx1112basic_stringIcSt11char_traitsIcESaIcEEEblmdSaNS1_14adl_serializerES4_IhSaIhEEEEEvPT_
FN:80,_ZSt10destroy_atISt4pairIKNSt7__cxx1112basic_stringIcSt11char_traitsIcESaIcEEEN8nlohmann16json_abi_v3_11_210basic_jsonISt3mapSt6vectorS6_blmdSaNS9_14adl_serializerESC_IhSaIhEEEEEEvPT_
FNDA:14,_ZSt10destroy_atISt4pairIKNSt7__cxx1112basic_stringIcSt11char_traitsIcESaIcEEEN8nlohmann16json_abi_v3_11_210basic_jsonISt3mapSt6vectorS6_blmdSaNS9_14adl_serializerESC_IhSaIhEEEEEEvPT_
FN:80,_ZSt10destroy_atIN8nlohmann16json_abi_v3_11_26detail21output_string_adapterIcNSt7__cxx1112basic_stringIcSt11char_traitsIcESaIcEEEEEEvPT_
FNDA:3,_ZSt10destroy_atIN8nlohmann16json_abi_v3_11_26detail21output_string_adapterIcNSt7__cxx1112basic_stringIcSt11char_traitsIcESaIcEEEEEEvPT_
FN:94,_ZSt12construct_atISt4pairIKNSt7__cxx1112basic_stringIcSt11char_traitsIcESaIcEEEN8nlohmann16json_abi_v3_11_210basic_jsonISt3mapSt6vectorS6_blmdSaNS9_14adl_serializerESC_IhSaIhEEEEEJS6_DnEEDTgsnwcvPvLi0E_T_pispcl7declvalIT0_EEEEPSJ_DpOSK_
FNDA:9,_ZSt12construct_atISt4pairIKNSt7__cxx1112basic_stringIcSt11char_traitsIcESaIcEEEN8nlohmann16json_abi_v3_11_210basic_jsonISt3mapSt6vectorS6_blmdSaNS9_14adl_serializerESC_IhSaIhEEEEEJS6_DnEEDTgsnwcvPvLi0E_T_pispcl7declvalIT0_EEEEPSJ_DpOSK_
FN:94,_ZSt12construct_atIN8nlohmann16json_abi_v3_11_227byte_container_with_subtypeISt6vectorIhSaIhEEEEJEEDTgsnwcvPvLi0E_T_pispcl7declvalIT0_EEEEPS8_DpOS9_
FNDA:0,_ZSt12construct_atIN8nlohmann16json_abi_v3_11_227byte_container_with_subtypeISt6vectorIhSaIhEEEEJEEDTgsnwcvPvLi0E_T_pispcl7declvalIT0_EEEEPS8_DpOS9_
FN:94,_ZSt12construct_atINSt7__cxx1112basic_stringIcSt11char_traitsIcESaIcEEEJRA1_KcEEDTgsnwcvPvLi0E_T_pispcl7declvalIT0_EEEEPSA_DpOSB_
FNDA:0,_ZSt12construct_atINSt7__cxx1112basic_stringIcSt11char_traitsIcESaIcEEEJRA1_KcEEDTgsnwcvPvLi0E_T_pispcl7declvalIT0_EEEEPSA_DpOSB_
FN:94,_ZSt12construct_atISt6vectorIN8nlohmann16json_abi_v3_11_210basic_jsonISt3mapS0_NSt7__cxx1112basic_stringIcSt11char_traitsIcESaIcEEEblmdSaNS2_14adl_serializerES0_IhSaIhEEEESaISE_EEJEEDTgsnwcvPvLi0E_T_pispcl7declvalIT0_EEEEPSI_DpOSJ_
FNDA:0,_ZSt12construct_atISt6vectorIN8nlohmann16json_abi_v3_11_210basic_jsonISt3mapS0_NSt7__cxx1112basic_stringIcSt11char_traitsIcESaIcEEEblmdSaNS2_14adl_serializerES0_IhSaIhEEEESaISE_EEJEEDTgsnwcvPvLi0E_T_pispcl7declvalIT0_EEEEPSI_DpOSJ_
FN:94,_ZSt12construct_atIN8nlohmann16json_abi_v3_11_210basic_jsonISt3mapSt6vectorNSt7__cxx1112basic_stringIcSt11char_traitsIcESaIcEEEblmdSaNS1_14adl_serializerES4_IhSaIhEEEEJSE_EEDTgsnwcvPvLi0E_T_pispcl7declvalIT0_EEEEPSG_DpOSH_
FNDA:10,_ZSt12construct_atIN8nlohmann16json_abi_v3_11_210basic_jsonISt3mapSt6vectorNSt7__cxx1112basic_stringIcSt11char_traitsIcESaIcEEEblmdSaNS1_14adl_serializerES4_IhSaIhEEEEJSE_EEDTgsnwcvPvLi0E_T_pispcl7declvalIT0_EEEEPSG_DpOSH_
FN:94,_ZSt12construct_atISt3mapINSt7__cxx1112basic_stringIcSt11char_traitsIcESaIcEEEN8nlohmann16json_abi_v3_11_210basic_jsonIS0_St6vectorS6_blmdSaNS8_14adl_serializerESA_IhSaIhEEEESt4lessIvESaISt4pairIKS6_SE_EEEJEEDTgsnwcvPvLi0E_T_pispcl7declvalIT0_EEEEPSN_DpOSO_
FNDA:8,_ZSt12construct_atISt3mapINSt7__cxx1112basic_stringIcSt11char_traitsIcESaIcEEEN8nlohmann16json_abi_v3_11_210basic_jsonIS0_St6vectorS6_blmdSaNS8_14adl_serializerESA_IhSaIhEEEESt4lessIvESaISt4pairIKS6_SE_EEEJEEDTgsnwcvPvLi0E_T_pispcl7declvalIT0_EEEEPSN_DpOSO_
FN:94,_ZSt12construct_atIN8nlohmann16json_abi_v3_11_26detail21output_string_adapterIcNSt7__cxx1112basic_stringIcSt11char_traitsIcESaIcEEEEEJRS9_EEDTgsnwcvPvLi0E_T_pispcl7declvalIT0_EEEEPSD_DpOSE_
FNDA:3,_ZSt12construct_atIN8nlohmann16json_abi_v3_11_26detail21output_string_adapterIcNSt7__cxx1112basic_stringIcSt11char_traitsIcESaIcEEEEEJRS9_EEDTgsnwcvPvLi0E_T_pispcl7declvalIT0_EEEEPSD_DpOSE_
FN:146,_ZSt8_DestroyIN8nlohmann16json_abi_v3_11_210basic_jsonISt3mapSt6vectorNSt7__cxx1112basic_stringIcSt11char_traitsIcESaIcEEEblmdSaNS1_14adl_serializerES4_IhSaIhEEEEEvPT_
FNDA:0,_ZSt8_DestroyIN8nlohmann16json_abi_v3_11_210basic_jsonISt3mapSt6vectorNSt7__cxx1112basic_stringIcSt11char_traitsIcESaIcEEEblmdSaNS1_14adl_serializerES4_IhSaIhEEEEEvPT_
FN:146,_ZSt8_DestroyIhEvPT_
FNDA:0,_ZSt8_DestroyIhEvPT_
FN:160,_ZNSt12_Destroy_auxILb0EE9__destroyIPhEEvT_S3_
FNDA:0,_ZNSt12_Destroy_auxILb0EE9__destroyIPhEEvT_S3_
FN:160,_ZNSt12_Destroy_auxILb0EE9__destroyIPN8nlohmann16json_abi_v3_11_210basic_jsonISt3mapSt6vectorNSt7__cxx1112basic_stringIcSt11char_traitsIcESaIcEEEblmdSaNS3_14adl_serializerES6_IhSaIhEEEEEEvT_SI_
FNDA:8,_ZNSt12_Destroy_auxILb0EE9__destroyIPN8nlohmann16json_abi_v3_11_210basic_jsonISt3mapSt6vectorNSt7__cxx1112basic_stringIcSt11char_traitsIcESaIcEEEblmdSaNS3_14adl_serializerES6_IhSaIhEEEEEEvT_SI_
FN:172,_ZNSt12_Destroy_auxILb1EE9__destroyIPhEEvT_S3_
FNDA:0,_ZNSt12_Destroy_auxILb1EE9__destroyIPhEEvT_S3_
FN:182,_ZSt8_DestroyIPhEvT_S1_
FNDA:0,_ZSt8_DestroyIPhEvT_S1_
FN:182,_ZSt8_DestroyIPN8nlohmann16json_abi_v3_11_210basic_jsonISt3mapSt6vectorNSt7__cxx1112basic_stringIcSt11char_traitsIcESaIcEEEblmdSaNS1_14adl_serializerES4_IhSaIhEEEEEvT_SG_
FNDA:8,_ZSt8_DestroyIPN8nlohmann16json_abi_v3_11_210basic_jsonISt3mapSt6vectorNSt7__cxx1112basic_stringIcSt11char_traitsIcESaIcEEEblmdSaNS1_14adl_serializerES4_IhSaIhEEEEEvT_SG_
DA:80,3
DA:88,3
DA:89,3
DA:80,0
DA:88,0
DA:89,0
DA:80,14
DA:88,14
DA:89,14
DA:80,10
DA:88,10
DA:89,10
DA:80,0
DA:88,0
DA:89,0
DA:80,23
DA:88,23
DA:89,23
DA:80,0
DA:88,0
DA:89,0
DA:80,8
DA:88,8
DA:89,8
DA:94,3
DA:97,3
DA:94,9
DA:97,9
DA:94,0
DA:97,0
DA:94,0
DA:97,0
DA:94,0
DA:97,0
DA:94,10
DA:97,10
DA:94,8
DA:97,16
DA:146,0
DA:149,0
DA:153,0
DA:146,0
DA:149,0
DA:153,0
DA:160,0
DA:162,0
DA:163,0
DA:164,0
DA:160,8
DA:162,8
DA:163,0
DA:164,8
DA:172,0
DA:182,0
DA:192,0
DA:193,0
DA:196,0
DA:182,8
DA:192,8
DA:193,0
DA:196,8
end_of_record
SF:/usr/include/c++/11/bits/unique_ptr.h
FN:79,_ZNKSt14default_deleteINSt7__cxx1112basic_stringIcSt11char_traitsIcESaIcEEEEclEPS5_
FNDA:0,_ZNKSt14default_deleteINSt7__cxx1112basic_stringIcSt11char_traitsIcESaIcEEEEclEPS5_
FN:79,_ZNKSt14default_deleteINSt7__cxx1118basic_stringstreamIcSt11char_traitsIcESaIcEEEEclEPS5_
FNDA:57,_ZNKSt14default_deleteINSt7__cxx1118basic_stringstreamIcSt11char_traitsIcESaIcEEEEclEPS5_
FN:158,_ZNSt15__uniq_ptr_implISt6vectorIN8nlohmann16json_abi_v3_11_210basic_jsonISt3mapS0_NSt7__cxx1112basic_stringIcSt11char_traitsIcESaIcEEEblmdSaNS2_14adl_serializerES0_IhSaIhEEEESaISE_EEZNSE_6createISG_JEEEPT_DpOT0_EUlPSG_E_EC2IRKSO_EESN_OSI_
FNDA:0,_ZNSt15__uniq_ptr_implISt6vectorIN8nlohmann16json_abi_v3_11_210basic_jsonISt3mapS0_NSt7__cxx1112basic_stringIcSt11char_traitsIcESaIcEEEblmdSaNS2_14adl_serializerES0_IhSaIhEEEESaISE_EEZNSE_6createISG_JEEEPT_DpOT0_EUlPSG_E_EC2IRKSO_EESN_OSI_
FN:158,_ZNSt15__uniq_ptr_implISt3mapINSt7__cxx1112basic_stringIcSt11char_traitsIcESaIcEEEN8nlohmann16json_abi_v3_11_210basic_jsonIS0_St6vectorS6_blmdSaNS8_14adl_serializerESA_IhSaIhEEEESt4lessIvESaISt4pairIKS6_SE_EEEZNSE_6createISL_JEEEPT_DpOT0_EUlPSL_E_EC2IRKST_EESS_OSN_
FNDA:8,_ZNSt15__uniq_ptr_implISt3mapINSt7__cxx1112basic_stringIcSt11char_traitsIcESaIcEEEN8nlohmann16json_abi_v3_11_210basic_jsonIS0_St6vectorS6_blmdSaNS8_14adl_serializerESA_IhSaIhEEEESt4lessIvESaISt4pairIKS6_SE_EEEZNSE_6createISL_JEEEPT_DpOT0_EUlPSL_E_EC2IRKST_EESS_OSN_
FN:158,_ZNSt15__uniq_ptr_implINSt7__cxx1112basic_stringIcSt11char_traitsIcESaIcEEEZN8nlohmann16json_abi_v3_11_210basic_jsonISt3mapSt6vectorS5_blmdSaNS7_14adl_serializerESA_IhSaIhEEE6createIS5_JRA1_KcEEEPT_DpOT0_EUlPS5_E_EC2IRKSP_EESO_OSJ_
FNDA:0,_ZNSt15__uniq_ptr_implINSt7__cxx1112basic_stringIcSt11char_traitsIcESaIcEEEZN8nlohmann16json_abi_v3_11_210basic_jsonISt3mapSt6vectorS5_blmdSaNS7_14adl_serializerESA_IhSaIhEEE6createIS5_JRA1_KcEEEPT_DpOT0_EUlPS5_E_EC2IRKSP_EESO_OSJ_
FN:158,_ZNSt15__uniq_ptr_implIN8nlohmann16json_abi_v3_11_227byte_container_with_subtypeISt6vectorIhSaIhEEEEZNS1_10basic_jsonISt3mapS3_NSt7__cxx1112basic_stringIcSt11char_traitsIcESaIcEEEblmdSaNS1_14adl_serializerES5_E6createIS6_JEEEPT_DpOT0_EUlPS6_E_EC2IRKSO_EESN_OSI_
FNDA:0,_ZNSt15__uniq_ptr_implIN8nlohmann16json_abi_v3_11_227byte_container_with_subtypeISt6vectorIhSaIhEEEEZNS1_10basic_jsonISt3mapS3_NSt7__cxx1112basic_stringIcSt11char_traitsIcESaIcEEEblmdSaNS1_14adl_serializerES5_E6createIS6_JEEEPT_DpOT0_EUlPS6_E_EC2IRKSO_EESN_OSI_
FN:172,_ZNSt15__uniq_ptr_implISt6vectorIN8nlohmann16json_abi_v3_11_210basic_jsonISt3mapS0_NSt7__cxx1112basic_stringIcSt11char_traitsIcESaIcEEEblmdSaNS2_14adl_serializerES0_IhSaIhEEEESaISE_EEZNSE_6createISG_JEEEPT_DpOT0_EUlPSG_E_E6_M_ptrEv
FNDA:0,_ZNSt15__uniq_ptr_implISt6vectorIN8nlohmann16json_abi_v3_11_210basic_jsonISt3mapS0_NSt7__cxx1112basic_stringIcSt11char_traitsIcESaIcEEEblmdSaNS2_14adl_serializerES0_IhSaIhEEEESaISE_EEZNSE_6createISG_JEEEPT_DpOT0_EUlPSG_E_E6_M_ptrEv
FN:172,_ZNSt15__uniq_ptr_implINSt10filesystem7__cxx114path5_List5_ImplENS3_13_Impl_deleterEE6_M_ptrEv
FNDA:3,_ZNSt15__uniq_ptr_implINSt10filesystem7__cxx114path5_List5_ImplENS3_13_Impl_deleterEE6_M_ptrEv
FN:172,_ZNSt15__uniq_ptr_implINSt7__cxx1112basic_stringIcSt11char_traitsIcESaIcEEEZN8nlohmann16json_abi_v3_11_210basic_jsonISt3mapSt6vectorS5_blmdSaNS7_14adl_serializerESA_IhSaIhEEE6createIS5_JRA1_KcEEEPT_DpOT0_EUlPS5_E_E6_M_ptrEv
FNDA:0,_ZNSt15__uniq_ptr_implINSt7__cxx1112basic_stringIcSt11char_traitsIcESaIcEEEZN8nlohmann16json_abi_v3_11_210basic_jsonISt3mapSt6vectorS5_blmdSaNS7_14adl_serializerESA_IhSaIhEEE6createIS5_JRA1_KcEEEPT_DpOT0_EUlPS5_E_E6_M_ptrEv
FN:172,_ZNSt15__uniq_ptr_implINSt7__cxx1112basic_stringIcSt11char_traitsIcESaIcEEESt14default_deleteIS5_EE6_M_ptrEv
FNDA:2,_ZNSt15__uniq_ptr_implINSt7__cxx1112basic_stringIcSt11char_traitsIcESaIcEEESt14default_deleteIS5_EE6_M_ptrEv
FN:172,_ZNSt15__uniq_ptr_implIN8nlohmann16json_abi_v3_11_227byte_container_with_subtypeISt6vectorIhSaIhEEEEZNS1_10basic_jsonISt3mapS3_NSt7__cxx1112basic_stringIcSt11char_traitsIcESaIcEEEblmdSaNS1_14adl_serializerES5_E6createIS6_JEEEPT_DpOT0_EUlPS6_E_E6_M_ptrEv
FNDA:0,_ZNSt15__uniq_ptr_implIN8nlohmann16json_abi_v3_11_227byte_container_with_subtypeISt6vectorIhSaIhEEEEZNS1_10basic_jsonISt3mapS3_NSt7__cxx1112basic_stringIcSt11char_traitsIcESaIcEEEblmdSaNS1_14adl_serializerES5_E6createIS6_JEEEPT_DpOT0_EUlPS6_E_E6_M_ptrEv
FN:172,_ZNSt15__uniq_ptr_implINSt7__cxx1118basic_stringstreamIcSt11char_traitsIcESaIcEEESt14default_deleteIS5_EE6_M_ptrEv
FNDA:114,_ZNSt15__uniq_ptr_implINSt7__cxx1118basic_stringstreamIcSt11char_traitsIcESaIcEEESt14default_deleteIS5_EE6_M_ptrEv
FN:172,_ZNSt15__uniq_ptr_implISt3mapINSt7__cxx1112basic_stringIcSt11char_traitsIcESaIcEEEN8nlohmann16json_abi_v3_11_210basic_jsonIS0_St6vectorS6_blmdSaNS8_14adl_serializerESA_IhSaIhEEEESt4lessIvESaISt4pairIKS6_SE_EEEZNSE_6createISL_JEEEPT_DpOT0_EUlPSL_E_E6_M_ptrEv
FNDA:24,_ZNSt15__uniq_ptr_implISt3mapINSt7__cxx1112basic_stringIcSt11char_traitsIcESaIcEEEN8nlohmann16json_abi_v3_11_210basic_jsonIS0_St6vectorS6_blmdSaNS8_14adl_serializerESA_IhSaIhEEEESt4lessIvESaISt4pairIKS6_SE_EEEZNSE_6createISL_JEEEPT_DpOT0_EUlPSL_E_E6_M_ptrEv
FN:173,_ZNKSt15__uniq_ptr_implINSt7__cxx1112basic_stringIcSt11char_traitsIcESaIcEEESt14default_deleteIS5_EE6_M_ptrEv
FNDA:0,_ZNKSt15__uniq_ptr_implINSt7__cxx1112basic_stringIcSt11char_traitsIcESaIcEEESt14default_deleteIS5_EE6_M_ptrEv
FN:173,_ZNKSt15__uniq_ptr_implINSt7__cxx1112basic_stringIcSt11char_traitsIcESaIcEEEZN8nlohmann16json_abi_v3_11_210basic_jsonISt3mapSt6vectorS5_blmdSaNS7_14adl_serializerESA_IhSaIhEEE6createIS5_JRA1_KcEEEPT_DpOT0_EUlPS5_E_E6_M_ptrEv
FNDA:0,_ZNKSt15__uniq_ptr_implINSt7__cxx1112basic_stringIcSt11char_traitsIcESaIcEEEZN8nlohmann16json_abi_v3_11_210basic_jsonISt3mapSt6vectorS5_blmdSaNS7_14adl_serializerESA_IhSaIhEEE6createIS5_JRA1_KcEEEPT_DpOT0_EUlPS5_E_E6_M_ptrEv
FN:173,_ZNKSt15__uniq_ptr_implIN8nlohmann16json_abi_v3_11_227byte_container_with_subtypeISt6vectorIhSaIhEEEEZNS1_10basic_jsonISt3mapS3_NSt7__cxx1112basic_stringIcSt11char_traitsIcESaIcEEEblmdSaNS1_14adl_serializerES5_E6createIS6_JEEEPT_DpOT0_EUlPS6_E_E6_M_ptrEv
FNDA:0,_ZNKSt15__uniq_ptr_implIN8nlohmann16json_abi_v3_11_227byte_container_with_subtypeISt6vectorIhSaIhEEEEZNS1_10basic_jsonISt3mapS3_NSt7__cxx1112basic_stringIcSt11char_traitsIcESaIcEEEblmdSaNS1_14adl_serializerES5_E6createIS6_JEEEPT_DpOT0_EUlPS6_E_E6_M_ptrEv
FN:173,_ZNKSt15__uniq_ptr_implISt3mapINSt7__cxx1112basic_stringIcSt11char_traitsIcESaIcEEEN8nlohmann16json_abi_v3_11_210basic_jsonIS0_St6vectorS6_blmdSaNS8_14adl_serializerESA_IhSaIhEEEESt4lessIvESaISt4pairIKS6_SE_EEEZNSE_6createISL_JEEEPT_DpOT0_EUlPSL_E_E6_M_ptrEv
FNDA:16,_ZNKSt15__uniq_ptr_implISt3mapINSt7__cxx1112basic_stringIcSt11char_traitsIcESaIcEEEN8nlohmann16json_abi_v3_11_210basic_jsonIS0_St6vectorS6_blmdSaNS8_14adl_serializerESA_IhSaIhEEEESt4lessIvESaISt4pairIKS6_SE_EEEZNSE_6createISL_JEEEPT_DpOT0_EUlPSL_E_E6_M_ptrEv
FN:173,_ZNKSt15__uniq_ptr_implISt6vectorIN8nlohmann16json_abi_v3_11_210basic_jsonISt3mapS0_NSt7__cxx1112basic_stringIcSt11char_traitsIcESaIcEEEblmdSaNS2_14adl_serializerES0_IhSaIhEEEESaISE_EEZNSE_6createISG_JEEEPT_DpOT0_EUlPSG_E_E6_M_ptrEv
FNDA:0,_ZNKSt15__uniq_ptr_implISt6vectorIN8nlohmann16json_abi_v3_11_210basic_jsonISt3mapS0_NSt7__cxx1112basic_stringIcSt11char_traitsIcESaIcEEEblmdSaNS2_14adl_serializerES0_IhSaIhEEEESaISE_EEZNSE_6createISG_JEEEPT_DpOT0_EUlPSG_E_E6_M_ptrEv
FN:174,_ZNSt15__uniq_ptr_implINSt10filesystem7__cxx114path5_List5_ImplENS3_13_Impl_deleterEE10_M_deleterEv
FNDA:3,_ZNSt15__uniq_ptr_implINSt10filesystem7__cxx114path5_List5_ImplENS3_13_Impl_deleterEE10_M_deleterEv
FN:174,_ZNSt15__uniq_ptr_implINSt7__cxx1112basic_stringIcSt11char_traitsIcESaIcEEEZN8nlohmann16json_abi_v3_11_210basic_jsonISt3mapSt6vectorS5_blmdSaNS7_14adl_serializerESA_IhSaIhEEE6createIS5_JRA1_KcEEEPT_DpOT0_EUlPS5_E_E10_M_deleterEv
FNDA:0,_ZNSt15__uniq_ptr_implINSt7__cxx1112basic_stringIcSt11char_traitsIcESaIcEEEZN8nlohmann16json_abi_v3_11_210basic_jsonISt3mapSt6vectorS5_blmdSaNS7_14adl_serializerESA_IhSaIhEEE6createIS5_JRA1_KcEEEPT_DpOT0_EUlPS5_E_E10_M_deleterEv
FN:174,_ZNSt15__uniq_ptr_implINSt7__cxx1118basic_stringstreamIcSt11char_traitsIcESaIcEEESt14default_deleteIS5_EE10_M_deleterEv
FNDA:57,_ZNSt15__uniq_ptr_implINSt7__cxx1118basic_stringstreamIcSt11char_traitsIcESaIcEEESt14default_deleteIS5_EE10_M_deleterEv
FN:174,_ZNSt15__uniq_ptr_implINSt7__cxx1112basic_stringIcSt11char_traitsIcESaIcEEESt14default_deleteIS5_EE10_M_deleterEv
FNDA:0,_ZNSt15__uniq_ptr_implINSt7__cxx1112basic_stringIcSt11char_traitsIcESaIcEEESt14default_deleteIS5_EE10_M_deleterEv
FN:174,_ZNSt15__uniq_ptr_implIN8nlohmann16json_abi_v3_11_227byte_container_with_subtypeISt6vectorIhSaIhEEEEZNS1_10basic_jsonISt3mapS3_NSt7__cxx1112basic_stringIcSt11char_traitsIcESaIcEEEblmdSaNS1_14adl_serializerES5_E6createIS6_JEEEPT_DpOT0_EUlPS6_E_E10_M_deleterEv
FNDA:0,_ZNSt15__uniq_ptr_implIN8nlohmann16json_abi_v3_11_227byte_container_with_subtypeISt6vectorIhSaIhEEEEZNS1_10basic_jsonISt3mapS3_NSt7__cxx1112basic_stringIcSt11char_traitsIcESaIcEEEblmdSaNS1_14adl_serializerES5_E6createIS6_JEEEPT_DpOT0_EUlPS6_E_E10_M_deleterEv
FN:174,_ZNSt15__uniq_ptr_implISt3mapINSt7__cxx1112basic_stringIcSt11char_traitsIcESaIcEEEN8nlohmann16json_abi_v3_11_210basic_jsonIS0_St6vectorS6_blmdSaNS8_14adl_serializerESA_IhSaIhEEEESt4lessIvESaISt4pairIKS6_SE_EEEZNSE_6createISL_JEEEPT_DpOT0_EUlPSL_E_E10_M_deleterEv
FNDA:0,_ZNSt15__uniq_ptr_implISt3mapINSt7__cxx1112basic_stringIcSt11char_traitsIcESaIcEEEN8nlohmann16json_abi_v3_11_210basic_jsonIS0_St6vectorS6_blmdSaNS8_14adl_serializerESA_IhSaIhEEEESt4lessIvESaISt4pairIKS6_SE_EEEZNSE_6createISL_JEEEPT_DpOT0_EUlPSL_E_E10_M_deleterEv
FN:174,_ZNSt15__uniq_ptr_implISt6vectorIN8nlohmann16json_abi_v3_11_210basic_jsonISt3mapS0_NSt7__cxx1112basic_stringIcSt11char_traitsIcESaIcEEEblmdSaNS2_14adl_serializerES0_IhSaIhEEEESaISE_EEZNSE_6createISG_JEEEPT_DpOT0_EUlPSG_E_E10_M_deleterEv
FNDA:0,_ZNSt15__uniq_ptr_implISt6vectorIN8nlohmann16json_abi_v3_11_210basic_jsonISt3mapS0_NSt7__cxx1112basic_stringIcSt11char_traitsIcESaIcEEEblmdSaNS2_14adl_serializerES0_IhSaIhEEEESaISE_EEZNSE_6createISG_JEEEPT_DpOT0_EUlPSG_E_E10_M_deleterEv
FN:185,_ZNSt15__uniq_ptr_implISt3mapINSt7__cxx1112basic_stringIcSt11char_traitsIcESaIcEEEN8nlohmann16json_abi_v3_11_210basic_jsonIS0_St6vectorS6_blmdSaNS8_14adl_serializerESA_IhSaIhEEEESt4lessIvESaISt4pairIKS6_SE_EEEZNSE_6createISL_JEEEPT_DpOT0_EUlPSL_E_E7releaseEv
FNDA:8,_ZNSt15__uniq_ptr_implISt3mapINSt7__cxx1112basic_stringIcSt11char_traitsIcESaIcEEEN8nlohmann16json_abi_v3_11_210basic_jsonIS0_St6vectorS6_blmdSaNS8_14adl_serializerESA_IhSaIhEEEESt4lessIvESaISt4pairIKS6_SE_EEEZNSE_6createISL_JEEEPT_DpOT0_EUlPSL_E_E7releaseEv
FN:185,_ZNSt15__uniq_ptr_implISt6vectorIN8nlohmann16json_abi_v3_11_210basic_jsonISt3mapS0_NSt7__cxx1112basic_stringIcSt11char_traitsIcESaIcEEEblmdSaNS2_14adl_serializerES0_IhSaIhEEEESaISE_EEZNSE_6createISG_JEEEPT_DpOT0_EUlPSG_E_E7releaseEv
FNDA:0,_ZNSt15__uniq_ptr_implISt6vectorIN8nlohmann16json_abi_v3_11_210basic_jsonISt3mapS0_NSt7__cxx1112basic_stringIcSt11char_traitsIcESaIcEEEblmdSaNS2_14adl_serializerES0_IhSaIhEEEESaISE_EEZNSE_6createISG_JEEEPT_DpOT0_EUlPSG_E_E7releaseEv
FN:185,_ZNSt15__uniq_ptr_implINSt7__cxx1112basic_stringIcSt11char_traitsIcESaIcEEEZN8nlohmann16json_abi_v3_11_210basic_jsonISt3mapSt6vectorS5_blmdSaNS7_14adl_serializerESA_IhSaIhEEE6createIS5_JRA1_KcEEEPT_DpOT0_EUlPS5_E_E7releaseEv
FNDA:0,_ZNSt15__uniq_ptr_implINSt7__cxx1112basic_stringIcSt11char_traitsIcESaIcEEEZN8nlohmann16json_abi_v3_11_210basic_jsonISt3mapSt6vectorS5_blmdSaNS7_14adl_serializerESA_IhSaIhEEE6createIS5_JRA1_KcEEEPT_DpOT0_EUlPS5_E_E7releaseEv
FN:185,_ZNSt15__uniq_ptr_implIN8nlohmann16json_abi_v3_11_227byte_container_with_subtypeISt6vectorIhSaIhEEEEZNS1_10basic_jsonISt3mapS3_NSt7__cxx1112basic_stringIcSt11char_traitsIcESaIcEEEblmdSaNS1_14adl_serializerES5_E6createIS6_JEEEPT_DpOT0_EUlPS6_E_E7releaseEv
FNDA:0,_ZNSt15__uniq_ptr_implIN8nlohmann16json_abi_v3_11_227byte_container_with_subtypeISt6vectorIhSaIhEEEEZNS1_10basic_jsonISt3mapS3_NSt7__cxx1112basic_stringIcSt11char_traitsIcESaIcEEEblmdSaNS1_14adl_serializerES5_E6createIS6_JEEEPT_DpOT0_EUlPS6_E_E7releaseEv
FN:294,_ZNSt10unique_ptrISt3mapINSt7__cxx1112basic_stringIcSt11char_traitsIcESaIcEEEN8nlohmann16json_abi_v3_11_210basic_jsonIS0_St6vectorS6_blmdSaNS8_14adl_serializerESA_IhSaIhEEEESt4lessIvESaISt4pairIKS6_SE_EEEZNSE_6createISL_JEEEPT_DpOT0_EUlPSL_E_EC2IST_vEESS_RKST_
FNDA:8,_ZNSt10unique_ptrISt3mapINSt7__cxx1112basic_stringIcSt11char_traitsIcESaIcEEEN8nlohmann16json_abi_v3_11_210basic_jsonIS0_St6vectorS6_blmdSaNS8_14adl_serializerESA_IhSaIhEEEESt4lessIvESaISt4pairIKS6_SE_EEEZNSE_6createISL_JEEEPT_DpOT0_EUlPSL_E_EC2IST_vEESS_RKST_
FN:294,_ZNSt10unique_ptrISt6vectorIN8nlohmann16json_abi_v3_11_210basic_jsonISt3mapS0_NSt7__cxx1112basic_stringIcSt11char_traitsIcESaIcEEEblmdSaNS2_14adl_serializerES0_IhSaIhEEEESaISE_EEZNSE_6createISG_JEEEPT_DpOT0_EUlPSG_E_EC2ISO_vEESN_RKSO_
FNDA:0,_ZNSt10unique_ptrISt6vectorIN8nlohmann16json_abi_v3_11_210basic_jsonISt3mapS0_NSt7__cxx1112basic_stringIcSt11char_traitsIcESaIcEEEblmdSaNS2_14adl_serializerES0_IhSaIhEEEESaISE_EEZNSE_6createISG_JEEEPT_DpOT0_EUlPSG_E_EC2ISO_vEESN_RKSO_
FN:294,_ZNSt10unique_ptrINSt7__cxx1112basic_stringIcSt11char_traitsIcESaIcEEEZN8nlohmann16json_abi_v3_11_210basic_jsonISt3mapSt6vectorS5_blmdSaNS7_14adl_serializerESA_IhSaIhEEE6createIS5_JRA1_KcEEEPT_DpOT0_EUlPS5_E_EC2ISP_vEESO_RKSP_
FNDA:0,_ZNSt10unique_ptrINSt7__cxx1112basic_stringIcSt11char_traitsIcESaIcEEEZN8nlohmann16json_abi_v3_11_210basic_jsonISt3mapSt6vectorS5_blmdSaNS7_14adl_serializerESA_IhSaIhEEE6createIS5_JRA1_KcEEEPT_DpOT0_EUlPS5_E_EC2ISP_vEESO_RKSP_
FN:294,_ZNSt10unique_ptrIN8nlohmann16json_abi_v3_11_227byte_container_with_subtypeISt6vectorIhSaIhEEEEZNS1_10basic_jsonISt3mapS3_NSt7__cxx1112basic_stringIcSt11char_traitsIcESaIcEEEblmdSaNS1_14adl_serializerES5_E6createIS6_JEEEPT_DpOT0_EUlPS6_E_EC2ISO_vEESN_RKSO_
FNDA:0,_ZNSt10unique_ptrIN8nlohmann16json_abi_v3_11_227byte_container_with_subtypeISt6vectorIhSaIhEEEEZNS1_10basic_jsonISt3mapS3_NSt7__cxx1112basic_stringIcSt11char_traitsIcESaIcEEEblmdSaNS1_14adl_serializerES5_E6createIS6_JEEEPT_DpOT0_EUlPS6_E_EC2ISO_vEESN_RKSO_
FN:355,_ZNSt10unique_ptrINSt7__cxx1118basic_stringstreamIcSt11char_traitsIcESaIcEEESt14default_deleteIS5_EED2Ev
FNDA:57,_ZNSt10unique_ptrINSt7__cxx1118basic_stringstreamIcSt11char_traitsIcESaIcEEESt14default_deleteIS5_EED2Ev
FN:355,_ZNSt10unique_ptrISt3mapINSt7__cxx1112basic_stringIcSt11char_traitsIcESaIcEEEN8nlohmann16json_abi_v3_11_210basic_jsonIS0_St6vectorS6_blmdSaNS8_14adl_serializerESA_IhSaIhEEEESt4lessIvESaISt4pairIKS6_SE_EEEZNSE_6createISL_JEEEPT_DpOT0_EUlPSL_E_ED2Ev
FNDA:8,_ZNSt10unique_ptrISt3mapINSt7__cxx1112basic_stringIcSt11char_traitsIcESaIcEEEN8nlohmann16json_abi_v3_11_210basic_jsonIS0_St6vectorS6_blmdSaNS8_14adl_serializerESA_IhSaIhEEEESt4lessIvESaISt4pairIKS6_SE_EEEZNSE_6createISL_JEEEPT_DpOT0_EUlPSL_E_ED2Ev
FN:355,_ZNSt10unique_ptrINSt7__cxx1112basic_stringIcSt11char_traitsIcESaIcEEEZN8nlohmann16json_abi_v3_11_210basic_jsonISt3mapSt6vectorS5_blmdSaNS7_14adl_serializerESA_IhSaIhEEE6createIS5_JRA1_KcEEEPT_DpOT0_EUlPS5_E_ED2Ev
FNDA:0,_ZNSt10unique_ptrINSt7__cxx1112basic_stringIcSt11char_traitsIcESaIcEEEZN8nlohmann16json_abi_v3_11_210basic_jsonISt3mapSt6vectorS5_blmdSaNS7_14adl_serializerESA_IhSaIhEEE6createIS5_JRA1_KcEEEPT_DpOT0_EUlPS5_E_ED2Ev
FN:355,_ZNSt10unique_ptrIN8nlohmann16json_abi_v3_11_227byte_container_with_subtypeISt6vectorIhSaIhEEEEZNS1_10basic_jsonISt3mapS3_NSt7__cxx1112basic_stringIcSt11char_traitsIcESaIcEEEblmdSaNS1_14adl_serializerES5_E6createIS6_JEEEPT_DpOT0_EUlPS6_E_ED2Ev
FNDA:0,_ZNSt10unique_ptrIN8nlohmann16json_abi_v3_11_227byte_container_with_subtypeISt6vectorIhSaIhEEEEZNS1_10basic_jsonISt3mapS3_NSt7__cxx1112basic_stringIcSt11char_traitsIcESaIcEEEblmdSaNS1_14adl_serializerES5_E6createIS6_JEEEPT_DpOT0_EUlPS6_E_ED2Ev
FN:355,_ZNSt10unique_ptrINSt10filesystem7__cxx114path5_List5_ImplENS3_13_Impl_deleterEED2Ev
FNDA:3,_ZNSt10unique_ptrINSt10filesystem7__cxx114path5_List5_ImplENS3_13_Impl_deleterEED2Ev
FN:355,_ZNSt10unique_ptrISt6vectorIN8nlohmann16json_abi_v3_11_210basic_jsonISt3mapS0_NSt7__cxx1112basic_stringIcSt11char_traitsIcESaIcEEEblmdSaNS2_14adl_serializerES0_IhSaIhEEEESaISE_EEZNSE_6createISG_JEEEPT_DpOT0_EUlPSG_E_ED2Ev
FNDA:0,_ZNSt10unique_ptrISt6vectorIN8nlohmann16json_abi_v3_11_210basic_jsonISt3mapS0_NSt7__cxx1112basic_stringIcSt11char_traitsIcESaIcEEEblmdSaNS2_14adl_serializerES0_IhSaIhEEEESaISE_EEZNSE_6createISG_JEEEPT_DpOT0_EUlPSG_E_ED2Ev
FN:355,_ZNSt10unique_ptrINSt7__cxx1112basic_stringIcSt11char_traitsIcESaIcEEESt14default_deleteIS5_EED2Ev
FNDA:2,_ZNSt10unique_ptrINSt7__cxx1112basic_stringIcSt11char_traitsIcESaIcEEESt14default_deleteIS5_EED2Ev
FN:413,_ZNKSt10unique_ptrINSt7__cxx1112basic_stringIcSt11char_traitsIcESaIcEEESt14default_deleteIS5_EEptEv
FNDA:0,_ZNKSt10unique_ptrINSt7__cxx1112basic_stringIcSt11char_traitsIcESaIcEEESt14default_deleteIS5_EEptEv
FN:421,_ZNKSt10unique_ptrIN8nlohmann16json_abi_v3_11_227byte_container_with_subtypeISt6vectorIhSaIhEEEEZNS1_10basic_jsonISt3mapS3_NSt7__cxx1112basic_stringIcSt11char_traitsIcESaIcEEEblmdSaNS1_14adl_serializerES5_E6createIS6_JEEEPT_DpOT0_EUlPS6_E_E3getEv
FNDA:0,_ZNKSt10unique_ptrIN8nlohmann16json_abi_v3_11_227byte_container_with_subtypeISt6vectorIhSaIhEEEEZNS1_10basic_jsonISt3mapS3_NSt7__cxx1112basic_stringIcSt11char_traitsIcESaIcEEEblmdSaNS1_14adl_serializerES5_E6createIS6_JEEEPT_DpOT0_EUlPS6_E_E3getEv
FN:421,_ZNKSt10unique_ptrISt3mapINSt7__cxx1112basic_stringIcSt11char_traitsIcESaIcEEEN8nlohmann16json_abi_v3_11_210basic_jsonIS0_St6vectorS6_blmdSaNS8_14adl_serializerESA_IhSaIhEEEESt4lessIvESaISt4pairIKS6_SE_EEEZNSE_6createISL_JEEEPT_DpOT0_EUlPSL_E_E3getEv
FNDA:16,_ZNKSt10unique_ptrISt3mapINSt7__cxx1112basic_stringIcSt11char_traitsIcESaIcEEEN8nlohmann16json_abi_v3_11_210basic_jsonIS0_St6vectorS6_blmdSaNS8_14adl_serializerESA_IhSaIhEEEESt4lessIvESaISt4pairIKS6_SE_EEEZNSE_6createISL_JEEEPT_DpOT0_EUlPSL_E_E3getEv
FN:421,_ZNKSt10unique_ptrISt6vectorIN8nlohmann16json_abi_v3_11_210basic_jsonISt3mapS0_NSt7__cxx1112basic_stringIcSt11char_traitsIcESaIcEEEblmdSaNS2_14adl_serializerES0_IhSaIhEEEESaISE_EEZNSE_6createISG_JEEEPT_DpOT0_EUlPSG_E_E3getEv
FNDA:0,_ZNKSt10unique_ptrISt6vectorIN8nlohmann16json_abi_v3_11_210basic_jsonISt3mapS0_NSt7__cxx1112basic_stringIcSt11char_traitsIcESaIcEEEblmdSaNS2_14adl_serializerES0_IhSaIhEEEESaISE_EEZNSE_6createISG_JEEEPT_DpOT0_EUlPSG_E_E3getEv
FN:421,_ZNKSt10unique_ptrINSt7__cxx1112basic_stringIcSt11char_traitsIcESaIcEEESt14default_deleteIS5_EE3getEv
FNDA:0,_ZNKSt10unique_ptrINSt7__cxx1112basic_stringIcSt11char_traitsIcESaIcEEESt14default_deleteIS5_EE3getEv
FN:421,_ZNKSt10unique_ptrINSt7__cxx1112basic_stringIcSt11char_traitsIcESaIcEEEZN8nlohmann16json_abi_v3_11_210basic_jsonISt3mapSt6vectorS5_blmdSaNS7_14adl_serializerESA_IhSaIhEEE6createIS5_JRA1_KcEEEPT_DpOT0_EUlPS5_E_E3getEv
FNDA:0,_ZNKSt10unique_ptrINSt7__cxx1112basic_stringIcSt11char_traitsIcESaIcEEEZN8nlohmann16json_abi_v3_11_210basic_jsonISt3mapSt6vectorS5_blmdSaNS7_14adl_serializerESA_IhSaIhEEE6createIS5_JRA1_KcEEEPT_DpOT0_EUlPS5_E_E3getEv
FN:426,_ZNSt10unique_ptrISt3mapINSt7__cxx1112basic_stringIcSt11char_traitsIcESaIcEEEN8nlohmann16json_abi_v3_11_210basic_jsonIS0_St6vectorS6_blmdSaNS8_14adl_serializerESA_IhSaIhEEEESt4lessIvESaISt4pairIKS6_SE_EEEZNSE_6createISL_JEEEPT_DpOT0_EUlPSL_E_E11get_deleterEv
FNDA:0,_ZNSt10unique_ptrISt3mapINSt7__cxx1112basic_stringIcSt11char_traitsIcESaIcEEEN8nlohmann16json_abi_v3_11_210basic_jsonIS0_St6vectorS6_blmdSaNS8_14adl_serializerESA_IhSaIhEEEESt4lessIvESaISt4pairIKS6_SE_EEEZNSE_6createISL_JEEEPT_DpOT0_EUlPSL_E_E11get_deleterEv
FN:426,_ZNSt10unique_ptrINSt7__cxx1118basic_stringstreamIcSt11char_traitsIcESaIcEEESt14default_deleteIS5_EE11get_deleterEv
FNDA:57,_ZNSt10unique_ptrINSt7__cxx1118basic_stringstreamIcSt11char_traitsIcESaIcEEESt14default_deleteIS5_EE11get_deleterEv
FN:426,_ZNSt10unique_ptrIN8nlohmann16json_abi_v3_11_227byte_container_with_subtypeISt6vectorIhSaIhEEEEZNS1_10basic_jsonISt3mapS3_NSt7__cxx1112basic_stringIcSt11char_traitsIcESaIcEEEblmdSaNS1_14adl_serializerES5_E6createIS6_JEEEPT_DpOT0_EUlPS6_E_E11get_deleterEv
FNDA:0,_ZNSt10unique_ptrIN8nlohmann16json_abi_v3_11_227byte_container_with_subtypeISt6vectorIhSaIhEEEEZNS1_10basic_jsonISt3mapS3_NSt7__cxx1112basic_stringIcSt11char_traitsIcESaIcEEEblmdSaNS1_14adl_serializerES5_E6createIS6_JEEEPT_DpOT0_EUlPS6_E_E11get_deleterEv
FN:426,_ZNSt10unique_ptrINSt7__cxx1112basic_stringIcSt11char_traitsIcESaIcEEEZN8nlohmann16json_abi_v3_11_210basic_jsonISt3mapSt6vectorS5_blmdSaNS7_14adl_serializerESA_IhSaIhEEE6createIS5_JRA1_KcEEEPT_DpOT0_EUlPS5_E_E11get_deleterEv
FNDA:0,_ZNSt10unique_ptrINSt7__cxx1112basic_stringIcSt11char_traitsIcESaIcEEEZN8nlohmann16json_abi_v3_11_210basic_jsonISt3mapSt6vectorS5_blmdSaNS7_14adl_serializerESA_IhSaIhEEE6createIS5_JRA1_KcEEEPT_DpOT0_EUlPS5_E_E11get_deleterEv
FN:426,_ZNSt10unique_ptrINSt7__cxx1112basic_stringIcSt11char_traitsIcESaIcEEESt14default_deleteIS5_EE11get_deleterEv
FNDA:0,_ZNSt10unique_ptrINSt7__cxx1112basic_stringIcSt11char_traitsIcESaIcEEESt14default_deleteIS5_EE11get_deleterEv
FN:426,_ZNSt10unique_ptrISt6vectorIN8nlohmann16json_abi_v3_11_210basic_jsonISt3mapS0_NSt7__cxx1112basic_stringIcSt11char_traitsIcESaIcEEEblmdSaNS2_14adl_serializerES0_IhSaIhEEEESaISE_EEZNSE_6createISG_JEEEPT_DpOT0_EUlPSG_E_E11get_deleterEv
FNDA:0,_ZNSt10unique_ptrISt6vectorIN8nlohmann16json_abi_v3_11_210basic_jsonISt3mapS0_NSt7__cxx1112basic_stringIcSt11char_traitsIcESaIcEEEblmdSaNS2_14adl_serializerES0_IhSaIhEEEESaISE_EEZNSE_6createISG_JEEEPT_DpOT0_EUlPSG_E_E11get_deleterEv
FN:426,_ZNSt10unique_ptrINSt10filesystem7__cxx114path5_List5_ImplENS3_13_Impl_deleterEE11get_deleterEv
FNDA:3,_ZNSt10unique_ptrINSt10filesystem7__cxx114path5_List5_ImplENS3_13_Impl_deleterEE11get_deleterEv
FN:435,_ZNKSt10unique_ptrISt6vectorIN8nlohmann16json_abi_v3_11_210basic_jsonISt3mapS0_NSt7__cxx1112basic_stringIcSt11char_traitsIcESaIcEEEblmdSaNS2_14adl_serializerES0_IhSaIhEEEESaISE_EEZNSE_6createISG_JEEEPT_DpOT0_EUlPSG_E_EcvbEv
FNDA:0,_ZNKSt10unique_ptrISt6vectorIN8nlohmann16json_abi_v3_11_210basic_jsonISt3mapS0_NSt7__cxx1112basic_stringIcSt11char_traitsIcESaIcEEEblmdSaNS2_14adl_serializerES0_IhSaIhEEEESaISE_EEZNSE_6createISG_JEEEPT_DpOT0_EUlPSG_E_EcvbEv
FN:435,_ZNKSt10unique_ptrISt3mapINSt7__cxx1112basic_stringIcSt11char_traitsIcESaIcEEEN8nlohmann16json_abi_v3_11_210basic_jsonIS0_St6vectorS6_blmdSaNS8_14adl_serializerESA_IhSaIhEEEESt4lessIvESaISt4pairIKS6_SE_EEEZNSE_6createISL_JEEEPT_DpOT0_EUlPSL_E_EcvbEv
FNDA:8,_ZNKSt10unique_ptrISt3mapINSt7__cxx1112basic_stringIcSt11char_traitsIcESaIcEEEN8nlohmann16json_abi_v3_11_210basic_jsonIS0_St6vectorS6_blmdSaNS8_14adl_serializerESA_IhSaIhEEEESt4lessIvESaISt4pairIKS6_SE_EEEZNSE_6createISL_JEEEPT_DpOT0_EUlPSL_E_EcvbEv
FN:435,_ZNKSt10unique_ptrINSt7__cxx1112basic_stringIcSt11char_traitsIcESaIcEEEZN8nlohmann16json_abi_v3_11_210basic_jsonISt3mapSt6vectorS5_blmdSaNS7_14adl_serializerESA_IhSaIhEEE6createIS5_JRA1_KcEEEPT_DpOT0_EUlPS5_E_EcvbEv
FNDA:0,_ZNKSt10unique_ptrINSt7__cxx1112basic_stringIcSt11char_traitsIcESaIcEEEZN8nlohmann16json_abi_v3_11_210basic_jsonISt3mapSt6vectorS5_blmdSaNS7_14adl_serializerESA_IhSaIhEEE6createIS5_JRA1_KcEEEPT_DpOT0_EUlPS5_E_EcvbEv
FN:435,_ZNKSt10unique_ptrIN8nlohmann16json_abi_v3_11_227byte_container_with_subtypeISt6vectorIhSaIhEEEEZNS1_10basic_jsonISt3mapS3_NSt7__cxx1112basic_stringIcSt11char_traitsIcESaIcEEEblmdSaNS1_14adl_serializerES5_E6createIS6_JEEEPT_DpOT0_EUlPS6_E_EcvbEv
FNDA:0,_ZNKSt10unique_ptrIN8nlohmann16json_abi_v3_11_227byte_container_with_subtypeISt6vectorIhSaIhEEEEZNS1_10basic_jsonISt3mapS3_NSt7__cxx1112basic_stringIcSt11char_traitsIcESaIcEEEblmdSaNS1_14adl_serializerES5_E6createIS6_JEEEPT_DpOT0_EUlPS6_E_EcvbEv
FN:442,_ZNSt10unique_ptrINSt7__cxx1112basic_stringIcSt11char_traitsIcESaIcEEEZN8nlohmann16json_abi_v3_11_210basic_jsonISt3mapSt6vectorS5_blmdSaNS7_14adl_serializerESA_IhSaIhEEE6createIS5_JRA1_KcEEEPT_DpOT0_EUlPS5_E_E7releaseEv
FNDA:0,_ZNSt10unique_ptrINSt7__cxx1112basic_stringIcSt11char_traitsIcESaIcEEEZN8nlohmann16json_abi_v3_11_210basic_jsonISt3mapSt6vectorS5_blmdSaNS7_14adl_serializerESA_IhSaIhEEE6createIS5_JRA1_KcEEEPT_DpOT0_EUlPS5_E_E7releaseEv
FN:442,_ZNSt10unique_ptrIN8nlohmann16json_abi_v3_11_227byte_container_with_subtypeISt6vectorIhSaIhEEEEZNS1_10basic_jsonISt3mapS3_NSt7__cxx1112basic_stringIcSt11char_traitsIcESaIcEEEblmdSaNS1_14adl_serializerES5_E6createIS6_JEEEPT_DpOT0_EUlPS6_E_E7releaseEv
FNDA:0,_ZNSt10unique_ptrIN8nlohmann16json_abi_v3_11_227byte_container_with_subtypeISt6vectorIhSaIhEEEEZNS1_10basic_jsonISt3mapS3_NSt7__cxx1112basic_stringIcSt11char_traitsIcESaIcEEEblmdSaNS1_14adl_serializerES5_E6createIS6_JEEEPT_DpOT0_EUlPS6_E_E7releaseEv
FN:442,_ZNSt10unique_ptrISt3mapINSt7__cxx1112basic_stringIcSt11char_traitsIcESaIcEEEN8nlohmann16json_abi_v3_11_210basic_jsonIS0_St6vectorS6_blmdSaNS8_14adl_serializerESA_IhSaIhEEEESt4lessIvESaISt4pairIKS6_SE_EEEZNSE_6createISL_JEEEPT_DpOT0_EUlPSL_E_E7releaseEv
FNDA:8,_ZNSt10unique_ptrISt3mapINSt7__cxx1112basic_stringIcSt11char_traitsIcESaIcEEEN8nlohmann16json_abi_v3_11_210basic_jsonIS0_St6vectorS6_blmdSaNS8_14adl_serializerESA_IhSaIhEEEESt4lessIvESaISt4pairIKS6_SE_EEEZNSE_6createISL_JEEEPT_DpOT0_EUlPSL_E_E7releaseEv
FN:442,_ZNSt10unique_ptrISt6vectorIN8nlohmann16json_abi_v3_11_210basic_jsonISt3mapS0_NSt7__cxx1112basic_stringIcSt11char_traitsIcESaIcEEEblmdSaNS2_14adl_serializerES0_IhSaIhEEEESaISE_EEZNSE_6createISG_JEEEPT_DpOT0_EUlPSG_E_E7releaseEv
FNDA:0,_ZNSt10unique_ptrISt6vectorIN8nlohmann16json_abi_v3_11_210basic_jsonISt3mapS0_NSt7__cxx1112basic_stringIcSt11char_traitsIcESaIcEEEblmdSaNS2_14adl_serializerES0_IhSaIhEEEESaISE_EEZNSE_6createISG_JEEEPT_DpOT0_EUlPSG_E_E7releaseEv
FN:760,_ZSteqIN8nlohmann16json_abi_v3_11_227byte_container_with_subtypeISt6vectorIhSaIhEEEEZNS1_10basic_jsonISt3mapS3_NSt7__cxx1112basic_stringIcSt11char_traitsIcESaIcEEEblmdSaNS1_14adl_serializerES5_E6createIS6_JEEEPT_DpOT0_EUlPS6_E_EbRKSt10unique_ptrISI_T0_EDn
FNDA:0,_ZSteqIN8nlohmann16json_abi_v3_11_227byte_container_with_subtypeISt6vectorIhSaIhEEEEZNS1_10basic_jsonISt3mapS3_NSt7__cxx1112basic_stringIcSt11char_traitsIcESaIcEEEblmdSaNS1_14adl_serializerES5_E6createIS6_JEEEPT_DpOT0_EUlPS6_E_EbRKSt10unique_ptrISI_T0_EDn
FN:760,_ZSteqISt3mapINSt7__cxx1112basic_stringIcSt11char_traitsIcESaIcEEEN8nlohmann16json_abi_v3_11_210basic_jsonIS0_St6vectorS6_blmdSaNS8_14adl_serializerESA_IhSaIhEEEESt4lessIvESaISt4pairIKS6_SE_EEEZNSE_6createISL_JEEEPT_DpOT0_EUlPSL_E_EbRKSt10unique_ptrISN_T0_EDn
FNDA:8,_ZSteqISt3mapINSt7__cxx1112basic_stringIcSt11char_traitsIcESaIcEEEN8nlohmann16json_abi_v3_11_210basic_jsonIS0_St6vectorS6_blmdSaNS8_14adl_serializerESA_IhSaIhEEEESt4lessIvESaISt4pairIKS6_SE_EEEZNSE_6createISL_JEEEPT_DpOT0_EUlPSL_E_EbRKSt10unique_ptrISN_T0_EDn
FN:760,_ZSteqISt6vectorIN8nlohmann16json_abi_v3_11_210basic_jsonISt3mapS0_NSt7__cxx1112basic_stringIcSt11char_traitsIcESaIcEEEblmdSaNS2_14adl_serializerES0_IhSaIhEEEESaISE_EEZNSE_6createISG_JEEEPT_DpOT0_EUlPSG_E_EbRKSt10unique_ptrISI_T0_EDn
FNDA:0,_ZSteqISt6vectorIN8nlohmann16json_abi_v3_11_210basic_jsonISt3mapS0_NSt7__cxx1112basic_stringIcSt11char_traitsIcESaIcEEEblmdSaNS2_14adl_serializerES0_IhSaIhEEEESaISE_EEZNSE_6createISG_JEEEPT_DpOT0_EUlPSG_E_EbRKSt10unique_ptrISI_T0_EDn
FN:760,_ZSteqINSt7__cxx1112basic_stringIcSt11char_traitsIcESaIcEEEZN8nlohmann16json_abi_v3_11_210basic_jsonISt3mapSt6vectorS5_blmdSaNS7_14adl_serializerESA_IhSaIhEEE6createIS5_JRA1_KcEEEPT_DpOT0_EUlPS5_E_EbRKSt10unique_ptrISJ_T0_EDn
FNDA:0,_ZSteqINSt7__cxx1112basic_stringIcSt11char_traitsIcESaIcEEEZN8nlohmann16json_abi_v3_11_210basic_jsonISt3mapSt6vectorS5_blmdSaNS7_14adl_serializerESA_IhSaIhEEE6createIS5_JRA1_KcEEEPT_DpOT0_EUlPS5_E_EbRKSt10unique_ptrISJ_T0_EDn
DA:79,0
DA:85,0
DA:86,0
DA:79,57
DA:85,57
DA:86,57
DA:158,0
DA:159,0
DA:158,0
DA:159,0
DA:158,0
DA:159,0
DA:158,8
DA:159,8
DA:172,0
DA:172,0
DA:172,0
DA:172,24
DA:172,3
DA:172,2
DA:172,114
DA:173,0
DA:173,0
DA:173,0
DA:173,16
DA:173,0
DA:174,0
DA:174,0
DA:174,0
DA:174,0
DA:174,0
DA:174,57
DA:174,3
DA:185,0
DA:187,0
DA:188,0
DA:189,0
DA:185,0
DA:187,0
DA:188,0
DA:189,0
DA:185,0
DA:187,0
DA:188,0
DA:189,0
DA:185,8
DA:187,8
DA:188,8
DA:189,8
DA:294,0
DA:295,0
DA:294,0
DA:295,0
DA:294,0
DA:295,0
DA:294,8
DA:295,8
DA:355,0
DA:359,0
DA:360,0
DA:361,0
DA:362,0
DA:363,0
DA:355,0
DA:359,0
DA:360,0
DA:361,0
DA:362,0
DA:363,0
DA:355,0
DA:359,0
DA:360,0
DA:361,0
DA:362,0
DA:363,0
DA:355,8
DA:359,8
DA:360,8
DA:361,0
DA:362,8
DA:363,8
DA:355,3
DA:359,3
DA:360,3
DA:361,3
DA:362,3
DA:363,3
DA:355,2
DA:359,2
DA:360,2
DA:361,0
DA:362,2
DA:363,2
DA:355,57
DA:359,57
DA:360,57
DA:361,57
DA:362,57
DA:363,57
DA:413,0
DA:416,0
DA:421,0
DA:422,0
DA:421,0
DA:422,0
DA:421,0
DA:422,0
DA:421,16
DA:422,16
DA:421,0
DA:422,0
DA:426,0
DA:427,0
DA:426,0
DA:427,0
DA:426,0
DA:427,0
DA:426,0
DA:427,0
DA:426,3
DA:427,3
DA:426,0
DA:427,0
DA:426,57
DA:427,57
DA:435,0
DA:436,0
DA:435,0
DA:436,0
DA:435,0
DA:436,0
DA:435,8
DA:436,8
DA:442,0
DA:443,0
DA:442,0
DA:443,0
DA:442,0
DA:443,0
DA:442,8
DA:443,8
DA:760,0
DA:761,0
DA:760,0
DA:761,0
DA:760,0
DA:761,0
DA:760,8
DA:761,8
end_of_record
SF:/home/agustin/MisCosas/so2-2024/h-p-cpp-hope-programming-cpp-agustinhernando2/build/_deps/nlohmann_json-src/include/nlohmann/detail/conversions/to_chars.hpp
FN:48,_ZN8nlohmann16json_abi_v3_11_26detail9dtoa_impl16reinterpret_bitsImdEET_T0_
FNDA:0,_ZN8nlohmann16json_abi_v3_11_26detail9dtoa_impl16reinterpret_bitsImdEET_T0_
FN:64,_ZN8nlohmann16json_abi_v3_11_26detail9dtoa_impl5diyfpC2Emi
FNDA:0,_ZN8nlohmann16json_abi_v3_11_26detail9dtoa_impl5diyfpC2Emi
FN:70,_ZN8nlohmann16json_abi_v3_11_26detail9dtoa_impl5diyfp3subERKS3_S5_
FNDA:0,_ZN8nlohmann16json_abi_v3_11_26detail9dtoa_impl5diyfp3subERKS3_S5_
FN:82,_ZN8nlohmann16json_abi_v3_11_26detail9dtoa_impl5diyfp3mulERKS3_S5_
FNDA:0,_ZN8nlohmann16json_abi_v3_11_26detail9dtoa_impl5diyfp3mulERKS3_S5_
FN:147,_ZN8nlohmann16json_abi_v3_11_26detail9dtoa_impl5diyfp9normalizeES3_
FNDA:0,_ZN8nlohmann16json_abi_v3_11_26detail9dtoa_impl5diyfp9normalizeES3_
FN:164,_ZN8nlohmann16json_abi_v3_11_26detail9dtoa_impl5diyfp12normalize_toERKS3_i
FNDA:0,_ZN8nlohmann16json_abi_v3_11_26detail9dtoa_impl5diyfp12normalize_toERKS3_i
FN:189,_ZN8nlohmann16json_abi_v3_11_26detail9dtoa_impl18compute_boundariesIdEENS2_10boundariesET_
FNDA:0,_ZN8nlohmann16json_abi_v3_11_26detail9dtoa_impl18compute_boundariesIdEENS2_10boundariesET_
FN:328,_ZN8nlohmann16json_abi_v3_11_26detail9dtoa_impl36get_cached_power_for_binary_exponentEi
FNDA:0,_ZN8nlohmann16json_abi_v3_11_26detail9dtoa_impl36get_cached_power_for_binary_exponentEi
FN:492,_ZN8nlohmann16json_abi_v3_11_26detail9dtoa_impl18find_largest_pow10EjRj
FNDA:0,_ZN8nlohmann16json_abi_v3_11_26detail9dtoa_impl18find_largest_pow10EjRj
FN:546,_ZN8nlohmann16json_abi_v3_11_26detail9dtoa_impl12grisu2_roundEPcimmmm
FNDA:0,_ZN8nlohmann16json_abi_v3_11_26detail9dtoa_impl12grisu2_roundEPcimmmm
FN:587,_ZN8nlohmann16json_abi_v3_11_26detail9dtoa_impl16grisu2_digit_genEPcRiS4_NS2_5diyfpES5_S5_
FNDA:0,_ZN8nlohmann16json_abi_v3_11_26detail9dtoa_impl16grisu2_digit_genEPcRiS4_NS2_5diyfpES5_S5_
FN:828,_ZN8nlohmann16json_abi_v3_11_26detail9dtoa_impl6grisu2EPcRiS4_NS2_5diyfpES5_S5_
FNDA:0,_ZN8nlohmann16json_abi_v3_11_26detail9dtoa_impl6grisu2EPcRiS4_NS2_5diyfpES5_S5_
FN:888,_ZN8nlohmann16json_abi_v3_11_26detail9dtoa_impl6grisu2IdEEvPcRiS5_T_
FNDA:0,_ZN8nlohmann16json_abi_v3_11_26detail9dtoa_impl6grisu2IdEEvPcRiS5_T_
FN:928,_ZN8nlohmann16json_abi_v3_11_26detail9dtoa_impl15append_exponentEPci
FNDA:0,_ZN8nlohmann16json_abi_v3_11_26detail9dtoa_impl15append_exponentEPci
FN:980,_ZN8nlohmann16json_abi_v3_11_26detail9dtoa_impl13format_bufferEPciiii
FNDA:0,_ZN8nlohmann16json_abi_v3_11_26detail9dtoa_impl13format_bufferEPciiii
FN:1065,_ZN8nlohmann16json_abi_v3_11_26detail8to_charsIdEEPcS3_PKcT_
FNDA:0,_ZN8nlohmann16json_abi_v3_11_26detail8to_charsIdEEPcS3_PKcT_
DA:48,0
DA:53,0
DA:54,0
DA:64,0
DA:70,0
DA:72,0
DA:73,0
DA:75,0
DA:82,0
DA:109,0
DA:110,0
DA:111,0
DA:112,0
DA:114,0
DA:115,0
DA:116,0
DA:117,0
DA:119,0
DA:120,0
DA:121,0
DA:122,0
DA:123,0
DA:125,0
DA:136,0
DA:138,0
DA:140,0
DA:147,0
DA:149,0
DA:151,0
DA:153,0
DA:154,0
DA:157,0
DA:164,0
DA:166,0
DA:168,0
DA:169,0
DA:171,0
DA:189,0
DA:191,0
DA:192,0
DA:204,0
DA:205,0
DA:206,0
DA:207,0
DA:211,0
DA:212,0
DA:213,0
DA:215,0
DA:216,0
DA:241,0
DA:242,0
DA:243,0
DA:244,0
DA:245,0
DA:248,0
DA:251,0
DA:253,0
DA:328,0
DA:380,0
DA:381,0
DA:472,0
DA:473,0
DA:474,0
DA:475,0
DA:477,0
DA:478,0
DA:479,0
DA:481,0
DA:482,0
DA:483,0
DA:485,0
DA:492,0
DA:501,0
DA:503,0
DA:504,0
DA:506,0
DA:508,0
DA:509,0
DA:511,0
DA:513,0
DA:514,0
DA:516,0
DA:518,0
DA:519,0
DA:521,0
DA:523,0
DA:524,0
DA:526,0
DA:528,0
DA:529,0
DA:531,0
DA:533,0
DA:534,0
DA:536,0
DA:538,0
DA:539,0
DA:542,0
DA:543,0
DA:546,0
DA:549,0
DA:550,0
DA:551,0
DA:552,0
DA:573,0
DA:574,0
DA:575,0
DA:577,0
DA:578,0
DA:579,0
DA:581,0
DA:587,0
DA:605,0
DA:606,0
DA:608,0
DA:609,0
DA:618,0
DA:620,0
DA:621,0
DA:627,0
DA:629,0
DA:630,0
DA:650,0
DA:651,0
DA:657,0
DA:658,0
DA:663,0
DA:664,0
DA:668,0
DA:669,0
DA:683,0
DA:684,0
DA:688,0
DA:699,0
DA:700,0
DA:702,0
DA:705,0
DA:750,0
DA:752,0
DA:761,0
DA:762,0
DA:763,0
DA:764,0
DA:770,0
DA:771,0
DA:775,0
DA:776,0
DA:786,0
DA:787,0
DA:788,0
DA:790,0
DA:792,0
DA:796,0
DA:804,0
DA:805,0
DA:828,0
DA:831,0
DA:832,0
DA:843,0
DA:845,0
DA:848,0
DA:849,0
DA:850,0
DA:873,0
DA:874,0
DA:876,0
DA:878,0
DA:879,0
DA:888,0
DA:893,0
DA:894,0
DA:915,0
DA:918,0
DA:919,0
DA:928,0
DA:930,0
DA:931,0
DA:933,0
DA:935,0
DA:936,0
DA:940,0
DA:943,0
DA:944,0
DA:948,0
DA:949,0
DA:951,0
DA:953,0
DA:954,0
DA:955,0
DA:959,0
DA:960,0
DA:961,0
DA:962,0
DA:963,0
DA:966,0
DA:980,0
DA:983,0
DA:984,0
DA:986,0
DA:987,0
DA:993,0
DA:998,0
DA:1000,0
DA:1001,0
DA:1002,0
DA:1005,0
DA:1010,0
DA:1012,0
DA:1013,0
DA:1014,0
DA:1017,0
DA:1022,0
DA:1023,0
DA:1024,0
DA:1025,0
DA:1026,0
DA:1029,0
DA:1034,0
DA:1041,0
DA:1042,0
DA:1043,0
DA:1046,0
DA:1047,0
DA:1065,0
DA:1068,0
DA:1071,0
DA:1073,0
DA:1074,0
DA:1081,0
DA:1083,0
DA:1085,0
DA:1086,0
DA:1087,0
DA:1093,0
DA:1099,0
DA:1100,0
DA:1101,0
DA:1103,0
DA:1106,0
DA:1108,0
DA:1110,0
DA:1111,0
DA:1112,0
DA:1114,0
end_of_record
SF:/usr/include/c++/11/ext/atomicity.h
DA:52,20
DA:66,17
DA:71,3
DA:84,0
DA:85,0
DA:86,0
DA:92,0
DA:98,17
DA:99,0
DA:101,17
DA:108,3
DA:112,3
end_of_record
SF:/usr/include/c++/11/tuple
FN:124,_ZNSt10_Head_baseILm1ESt14default_deleteINSt7__cxx1112basic_stringIcSt11char_traitsIcESaIcEEEELb1EE7_M_headERS8_
FNDA:0,_ZNSt10_Head_baseILm1ESt14default_deleteINSt7__cxx1112basic_stringIcSt11char_traitsIcESaIcEEEELb1EE7_M_headERS8_
FN:124,_ZNSt10_Head_baseILm1ESt14default_deleteINSt7__cxx1118basic_stringstreamIcSt11char_traitsIcESaIcEEEELb1EE7_M_headERS8_
FNDA:57,_ZNSt10_Head_baseILm1ESt14default_deleteINSt7__cxx1118basic_stringstreamIcSt11char_traitsIcESaIcEEEELb1EE7_M_headERS8_
FN:124,_ZNSt10_Head_baseILm1ENSt10filesystem7__cxx114path5_List13_Impl_deleterELb1EE7_M_headERS5_
FNDA:3,_ZNSt10_Head_baseILm1ENSt10filesystem7__cxx114path5_List13_Impl_deleterELb1EE7_M_headERS5_
FN:192,_ZNSt10_Head_baseILm1EZN8nlohmann16json_abi_v3_11_210basic_jsonISt3mapSt6vectorNSt7__cxx1112basic_stringIcSt11char_traitsIcESaIcEEEblmdSaNS1_14adl_serializerES4_IhSaIhEEE6createINS1_27byte_container_with_subtypeISD_EEJEEEPT_DpOT0_EUlPSH_E_Lb0EEC2ERKSO_
FNDA:0,_ZNSt10_Head_baseILm1EZN8nlohmann16json_abi_v3_11_210basic_jsonISt3mapSt6vectorNSt7__cxx1112basic_stringIcSt11char_traitsIcESaIcEEEblmdSaNS1_14adl_serializerES4_IhSaIhEEE6createINS1_27byte_container_with_subtypeISD_EEJEEEPT_DpOT0_EUlPSH_E_Lb0EEC2ERKSO_
FN:192,_ZNSt10_Head_baseILm1EZN8nlohmann16json_abi_v3_11_210basic_jsonISt3mapSt6vectorNSt7__cxx1112basic_stringIcSt11char_traitsIcESaIcEEEblmdSaNS1_14adl_serializerES4_IhSaIhEEE6createISA_JRA1_KcEEEPT_DpOT0_EUlPSA_E_Lb0EEC2ERKSP_
FNDA:0,_ZNSt10_Head_baseILm1EZN8nlohmann16json_abi_v3_11_210basic_jsonISt3mapSt6vectorNSt7__cxx1112basic_stringIcSt11char_traitsIcESaIcEEEblmdSaNS1_14adl_serializerES4_IhSaIhEEE6createISA_JRA1_KcEEEPT_DpOT0_EUlPSA_E_Lb0EEC2ERKSP_
FN:192,_ZNSt10_Head_baseILm1EZN8nlohmann16json_abi_v3_11_210basic_jsonISt3mapSt6vectorNSt7__cxx1112basic_stringIcSt11char_traitsIcESaIcEEEblmdSaNS1_14adl_serializerES4_IhSaIhEEE6createIS4_ISE_SaISE_EEJEEEPT_DpOT0_EUlPSH_E_Lb0EEC2ERKSO_
[...]
FN:328,_ZNKSt7__cxx1112basic_stringIcSt11char_traitsIcESaIcEE15_M_check_lengthEmmPKc
FNDA:342,_ZNKSt7__cxx1112basic_stringIcSt11char_traitsIcESaIcEE15_M_check_lengthEmmPKc
FN:337,_ZNKSt7__cxx1112basic_stringIcSt11char_traitsIcESaIcEE8_M_limitEmm
FNDA:8,_ZNKSt7__cxx1112basic_stringIcSt11char_traitsIcESaIcEE8_M_limitEmm
FN:345,_ZNKSt7__cxx1112basic_stringIcSt11char_traitsIcESaIcEE11_M_disjunctEPKc
FNDA:220,_ZNKSt7__cxx1112basic_stringIcSt11char_traitsIcESaIcEE11_M_disjunctEPKc
FN:354,_ZNSt7__cxx1112basic_stringIcSt11char_traitsIcESaIcEE7_S_copyEPcPKcm
FNDA:4673,_ZNSt7__cxx1112basic_stringIcSt11char_traitsIcESaIcEE7_S_copyEPcPKcm
FN:363,_ZNSt7__cxx1112basic_stringIcSt11char_traitsIcESaIcEE7_S_moveEPcPKcm
FNDA:2,_ZNSt7__cxx1112basic_stringIcSt11char_traitsIcESaIcEE7_S_moveEPcPKcm
FN:372,_ZNSt7__cxx1112basic_stringIcSt11char_traitsIcESaIcEE9_S_assignEPcmc
FNDA:190,_ZNSt7__cxx1112basic_stringIcSt11char_traitsIcESaIcEE9_S_assignEPcmc
FN:400,_ZNSt7__cxx1112basic_stringIcSt11char_traitsIcESaIcEE13_S_copy_charsEPcS5_S5_
FNDA:108,_ZNSt7__cxx1112basic_stringIcSt11char_traitsIcESaIcEE13_S_copy_charsEPcS5_S5_
FN:404,_ZNSt7__cxx1112basic_stringIcSt11char_traitsIcESaIcEE13_S_copy_charsEPcPKcS7_
FNDA:443,_ZNSt7__cxx1112basic_stringIcSt11char_traitsIcESaIcEE13_S_copy_charsEPcPKcS7_
FN:409,_ZNSt7__cxx1112basic_stringIcSt11char_traitsIcESaIcEE10_S_compareEmm
FNDA:190,_ZNSt7__cxx1112basic_stringIcSt11char_traitsIcESaIcEE10_S_compareEmm
FN:439,_ZNSt7__cxx1112basic_stringIcSt11char_traitsIcESaIcEEC2Ev
FNDA:82,_ZNSt7__cxx1112basic_stringIcSt11char_traitsIcESaIcEEC2Ev
FN:456,_ZNSt7__cxx1112basic_stringIcSt11char_traitsIcESaIcEEC2ERKS4_
FNDA:108,_ZNSt7__cxx1112basic_stringIcSt11char_traitsIcESaIcEEC2ERKS4_
FN:518,_ZNSt7__cxx1112basic_stringIcSt11char_traitsIcESaIcEEC2EPKcmRKS3_
FNDA:3,_ZNSt7__cxx1112basic_stringIcSt11char_traitsIcESaIcEEC2EPKcmRKS3_
FN:533,_ZNSt7__cxx1112basic_stringIcSt11char_traitsIcESaIcEEC2IS3_EEPKcRKS3_
FNDA:47,_ZNSt7__cxx1112basic_stringIcSt11char_traitsIcESaIcEEC2IS3_EEPKcRKS3_
FN:553,_ZNSt7__cxx1112basic_stringIcSt11char_traitsIcESaIcEEC2IS3_EEmcRKS3_
FNDA:3,_ZNSt7__cxx1112basic_stringIcSt11char_traitsIcESaIcEEC2IS3_EEmcRKS3_
FN:565,_ZNSt7__cxx1112basic_stringIcSt11char_traitsIcESaIcEEC2EOS4_
FNDA:52,_ZNSt7__cxx1112basic_stringIcSt11char_traitsIcESaIcEEC2EOS4_
FN:664,_ZNSt7__cxx1112basic_stringIcSt11char_traitsIcESaIcEEC2ISt17basic_string_viewIcS2_EvEERKT_RKS3_
FNDA:3,_ZNSt7__cxx1112basic_stringIcSt11char_traitsIcESaIcEEC2ISt17basic_string_viewIcS2_EvEERKT_RKS3_
FN:671,_ZNSt7__cxx1112basic_stringIcSt11char_traitsIcESaIcEED2Ev
FNDA:297,_ZNSt7__cxx1112basic_stringIcSt11char_traitsIcESaIcEED2Ev
FN:920,_ZNKSt7__cxx1112basic_stringIcSt11char_traitsIcESaIcEE4sizeEv
FNDA:8091,_ZNKSt7__cxx1112basic_stringIcSt11char_traitsIcESaIcEE4sizeEv
FN:926,_ZNKSt7__cxx1112basic_stringIcSt11char_traitsIcESaIcEE6lengthEv
FNDA:3574,_ZNKSt7__cxx1112basic_stringIcSt11char_traitsIcESaIcEE6lengthEv
FN:931,_ZNKSt7__cxx1112basic_stringIcSt11char_traitsIcESaIcEE8max_sizeEv
FNDA:6910,_ZNKSt7__cxx1112basic_stringIcSt11char_traitsIcESaIcEE8max_sizeEv
FN:976,_ZNKSt7__cxx1112basic_stringIcSt11char_traitsIcESaIcEE8capacityEv
FNDA:5653,_ZNKSt7__cxx1112basic_stringIcSt11char_traitsIcESaIcEE8capacityEv
FN:1023,_ZNKSt7__cxx1112basic_stringIcSt11char_traitsIcESaIcEE5emptyEv
FNDA:7,_ZNKSt7__cxx1112basic_stringIcSt11char_traitsIcESaIcEE5emptyEv
FN:1038,_ZNKSt7__cxx1112basic_stringIcSt11char_traitsIcESaIcEEixEm
FNDA:48,_ZNKSt7__cxx1112basic_stringIcSt11char_traitsIcESaIcEEixEm
FN:1055,_ZNSt7__cxx1112basic_stringIcSt11char_traitsIcESaIcEEixEm
FNDA:0,_ZNSt7__cxx1112basic_stringIcSt11char_traitsIcESaIcEEixEm
FN:1146,_ZNKSt7__cxx1112basic_stringIcSt11char_traitsIcESaIcEE4backEv
FNDA:0,_ZNKSt7__cxx1112basic_stringIcSt11char_traitsIcESaIcEE4backEv
FN:1178,_ZNSt7__cxx1112basic_stringIcSt11char_traitsIcESaIcEEpLEc
FNDA:945,_ZNSt7__cxx1112basic_stringIcSt11char_traitsIcESaIcEEpLEc
FN:1213,_ZNSt7__cxx1112basic_stringIcSt11char_traitsIcESaIcEE6appendERKS4_
FNDA:2,_ZNSt7__cxx1112basic_stringIcSt11char_traitsIcESaIcEE6appendERKS4_
FN:1242,_ZNSt7__cxx1112basic_stringIcSt11char_traitsIcESaIcEE6appendEPKcm
FNDA:27,_ZNSt7__cxx1112basic_stringIcSt11char_traitsIcESaIcEE6appendEPKcm
FN:1255,_ZNSt7__cxx1112basic_stringIcSt11char_traitsIcESaIcEE6appendEPKc
FNDA:20,_ZNSt7__cxx1112basic_stringIcSt11char_traitsIcESaIcEE6appendEPKc
FN:1272,_ZNSt7__cxx1112basic_stringIcSt11char_traitsIcESaIcEE6appendEmc
FNDA:9,_ZNSt7__cxx1112basic_stringIcSt11char_traitsIcESaIcEE6appendEmc
FN:1341,_ZNSt7__cxx1112basic_stringIcSt11char_traitsIcESaIcEE9push_backEc
FNDA:1016,_ZNSt7__cxx1112basic_stringIcSt11char_traitsIcESaIcEE9push_backEc
FN:1909,_ZNSt7__cxx1112basic_stringIcSt11char_traitsIcESaIcEE7replaceEmmRKS4_
FNDA:0,_ZNSt7__cxx1112basic_stringIcSt11char_traitsIcESaIcEE7replaceEmmRKS4_
FN:1956,_ZNSt7__cxx1112basic_stringIcSt11char_traitsIcESaIcEE7replaceEmmPKcm
FNDA:0,_ZNSt7__cxx1112basic_stringIcSt11char_traitsIcESaIcEE7replaceEmmPKcm
FN:2320,_ZNKSt7__cxx1112basic_stringIcSt11char_traitsIcESaIcEE5c_strEv
FNDA:585,_ZNKSt7__cxx1112basic_stringIcSt11char_traitsIcESaIcEE5c_strEv
FN:2332,_ZNKSt7__cxx1112basic_stringIcSt11char_traitsIcESaIcEE4dataEv
FNDA:367,_ZNKSt7__cxx1112basic_stringIcSt11char_traitsIcESaIcEE4dataEv
FN:2381,_ZNKSt7__cxx1112basic_stringIcSt11char_traitsIcESaIcEE4findERKS4_m
FNDA:0,_ZNKSt7__cxx1112basic_stringIcSt11char_traitsIcESaIcEE4findERKS4_m
FN:2873,_ZNKSt7__cxx1112basic_stringIcSt11char_traitsIcESaIcEE7compareERKS4_
FNDA:17,_ZNKSt7__cxx1112basic_stringIcSt11char_traitsIcESaIcEE7compareERKS4_
FN:6234,_ZSteqIcEN9__gnu_cxx11__enable_ifIXsrSt9__is_charIT_E7__valueEbE6__typeERKNSt7__cxx1112basic_stringIS3_St11char_traitsIS3_ESaIS3_EEESE_
FNDA:1,_ZSteqIcEN9__gnu_cxx11__enable_ifIXsrSt9__is_charIT_E7__valueEbE6__typeERKNSt7__cxx1112basic_stringIS3_St11char_traitsIS3_ESaIS3_EEESE_
FN:6262,_ZStssIcSt11char_traitsIcESaIcEEDTcl21__char_traits_cmp_catIT0_ELi0EEERKNSt7__cxx1112basic_stringIT_S3_T1_EESB_
FNDA:17,_ZStssIcSt11char_traitsIcESaIcEEDTcl21__char_traits_cmp_catIT0_ELi0EEERKNSt7__cxx1112basic_stringIT_S3_T1_EESB_
FN:6660,_ZNSt7__cxx119to_stringEi
FNDA:0,_ZNSt7__cxx119to_stringEi
FN:6690,_ZNSt7__cxx119to_stringEm
FNDA:0,_ZNSt7__cxx119to_stringEm
DA:133,3
DA:134,3
DA:142,3
DA:153,3
DA:154,3
DA:164,53
DA:165,53
DA:167,250
DA:168,250
DA:186,1747
DA:187,1747
DA:190,5161
DA:191,5161
DA:194,21394
DA:195,21394
DA:198,355
DA:201,355
DA:208,7595
DA:211,7595
DA:218,1665
DA:219,1665
DA:222,5046
DA:224,5046
DA:225,5046
DA:226,5046
DA:229,7595
DA:230,7595
DA:237,1825
DA:239,1825
DA:240,732
DA:241,1825
DA:244,732
DA:245,732
DA:251,108
DA:255,108
DA:256,108
DA:251,11
DA:255,11
DA:256,11
DA:271,108
DA:274,108
DA:275,108
DA:271,11
DA:274,11
DA:275,11
DA:294,6279
DA:295,6279
DA:298,7018
DA:299,7018
DA:318,16
DA:320,16
DA:321,0
DA:324,16
DA:328,342
DA:330,342
DA:331,0
DA:332,342
DA:337,8
DA:339,8
DA:340,8
DA:345,220
DA:347,220
DA:348,220
DA:354,4673
DA:356,4673
DA:357,761
DA:359,3912
DA:360,4673
DA:363,2
DA:365,2
DA:366,2
DA:368,0
DA:369,2
DA:372,190
DA:374,190
DA:375,92
DA:377,98
DA:378,190
DA:400,108
DA:401,108
DA:404,443
DA:406,443
DA:409,190
DA:411,190
DA:413,190
DA:414,0
DA:415,190
DA:416,0
DA:418,190
DA:439,82
DA:441,82
DA:442,82
DA:456,108
DA:457,108
DA:458,108
DA:459,108
DA:518,3
DA:520,3
DA:521,3
DA:533,47
DA:534,47
DA:536,47
DA:539,47
DA:540,47
DA:553,3
DA:554,3
DA:555,3
DA:565,52
DA:566,52
DA:568,52
DA:570,47
DA:575,5
DA:576,5
DA:582,52
DA:583,52
DA:584,52
DA:585,52
DA:664,3
DA:665,3
DA:671,297
DA:672,297
DA:920,8091
DA:921,8091
DA:926,3574
DA:927,3574
DA:931,6910
DA:932,6910
DA:976,5653
DA:978,5653
DA:979,5653
DA:1023,7
DA:1024,7
DA:1038,48
DA:1040,48
DA:1041,48
DA:1055,0
DA:1059,0
DA:1062,0
DA:1146,0
DA:1148,0
DA:1149,0
DA:1178,945
DA:1180,945
DA:1181,945
DA:1213,2
DA:1214,2
DA:1242,27
DA:1245,27
DA:1246,27
DA:1255,20
DA:1258,20
DA:1259,20
DA:1260,20
DA:1272,9
DA:1273,9
DA:1341,1016
DA:1343,1016
DA:1344,1016
DA:1345,0
DA:1346,1016
DA:1347,1016
DA:1348,1016
DA:1909,0
DA:1910,0
DA:1956,0
DA:1960,0
DA:1961,0
DA:2320,585
DA:2321,585
DA:2332,367
DA:2333,367
DA:2381,0
DA:2383,0
DA:2873,17
DA:2875,17
DA:2876,17
DA:2877,17
DA:2879,17
DA:2880,17
DA:2881,8
DA:2882,17
DA:6234,1
DA:6236,1
DA:6237,1
DA:6238,1
DA:6262,17
DA:6265,17
DA:6660,0
DA:6662,0
DA:6663,0
DA:6664,0
DA:6665,0
DA:6666,0
DA:6667,0
DA:6668,0
DA:6690,0
DA:6692,0
DA:6693,0
DA:6694,0
DA:6695,0
end_of_record
SF:/home/agustin/MisCosas/so2-2024/h-p-cpp-hope-programming-cpp-agustinhernando2/build/_deps/nlohmann_json-src/include/nlohmann/byte_container_with_subtype.hpp
FN:29,_ZN8nlohmann16json_abi_v3_11_227byte_container_with_subtypeISt6vectorIhSaIhEEEC2Ev
FNDA:0,_ZN8nlohmann16json_abi_v3_11_227byte_container_with_subtypeISt6vectorIhSaIhEEEC2Ev
FN:78,_ZNK8nlohmann16json_abi_v3_11_227byte_container_with_subtypeISt6vectorIhSaIhEEE7subtypeEv
FNDA:0,_ZNK8nlohmann16json_abi_v3_11_227byte_container_with_subtypeISt6vectorIhSaIhEEE7subtypeEv
FN:85,_ZNK8nlohmann16json_abi_v3_11_227byte_container_with_subtypeISt6vectorIhSaIhEEE11has_subtypeEv
FNDA:0,_ZNK8nlohmann16json_abi_v3_11_227byte_container_with_subtypeISt6vectorIhSaIhEEE11has_subtypeEv
DA:29,0
DA:30,0
DA:31,0
DA:78,0
DA:80,0
DA:85,0
DA:87,0
end_of_record
SF:/usr/include/c++/11/bits/shared_ptr_base.h
FN:126,_ZNSt16_Sp_counted_baseILN9__gnu_cxx12_Lock_policyE2EEC2Ev
FNDA:5,_ZNSt16_Sp_counted_baseILN9__gnu_cxx12_Lock_policyE2EEC2Ev
FN:130,_ZNSt16_Sp_counted_baseILN9__gnu_cxx12_Lock_policyE2EED2Ev
FNDA:5,_ZNSt16_Sp_counted_baseILN9__gnu_cxx12_Lock_policyE2EED2Ev
FN:130,_ZNSt16_Sp_counted_baseILN9__gnu_cxx12_Lock_policyE2EED0Ev
FNDA:0,_ZNSt16_Sp_counted_baseILN9__gnu_cxx12_Lock_policyE2EED0Ev
FN:140,_ZNSt16_Sp_counted_baseILN9__gnu_cxx12_Lock_policyE2EE10_M_destroyEv
FNDA:0,_ZNSt16_Sp_counted_baseILN9__gnu_cxx12_Lock_policyE2EE10_M_destroyEv
FN:147,_ZNSt16_Sp_counted_baseILN9__gnu_cxx12_Lock_policyE2EE15_M_add_ref_copyEv
FNDA:3,_ZNSt16_Sp_counted_baseILN9__gnu_cxx12_Lock_policyE2EE15_M_add_ref_copyEv
FN:161,_ZNSt16_Sp_counted_baseILN9__gnu_cxx12_Lock_policyE2EE10_M_releaseEv
FNDA:12,_ZNSt16_Sp_counted_baseILN9__gnu_cxx12_Lock_policyE2EE10_M_releaseEv
FN:385,_ZNSt14_Sp_ebo_helperILi0ESaIN8nlohmann16json_abi_v3_11_26detail21output_string_adapterIcNSt7__cxx1112basic_stringIcSt11char_traitsIcESaIcEEEEEELb1EEC2ERKSB_
FNDA:3,_ZNSt14_Sp_ebo_helperILi0ESaIN8nlohmann16json_abi_v3_11_26detail21output_string_adapterIcNSt7__cxx1112basic_stringIcSt11char_traitsIcESaIcEEEEEELb1EEC2ERKSB_
FN:389,_ZNSt14_Sp_ebo_helperILi0ESaIN8nlohmann16json_abi_v3_11_26detail21output_string_adapterIcNSt7__cxx1112basic_stringIcSt11char_traitsIcESaIcEEEEEELb1EE6_S_getERSC_
FNDA:6,_ZNSt14_Sp_ebo_helperILi0ESaIN8nlohmann16json_abi_v3_11_26detail21output_string_adapterIcNSt7__cxx1112basic_stringIcSt11char_traitsIcESaIcEEEEEELb1EE6_S_getERSC_
FN:479,_ZNSt19_Sp_make_shared_tag5_S_tiEv
FNDA:0,_ZNSt19_Sp_make_shared_tag5_S_tiEv
FN:502,_ZNSt23_Sp_counted_ptr_inplaceIN8nlohmann16json_abi_v3_11_26detail21output_string_adapterIcNSt7__cxx1112basic_stringIcSt11char_traitsIcESaIcEEEEESaISA_ELN9__gnu_cxx12_Lock_policyE2EE5_ImplC2ESB_
FNDA:3,_ZNSt23_Sp_counted_ptr_inplaceIN8nlohmann16json_abi_v3_11_26detail21output_string_adapterIcNSt7__cxx1112basic_stringIcSt11char_traitsIcESaIcEEEEESaISA_ELN9__gnu_cxx12_Lock_policyE2EE5_ImplC2ESB_
FN:504,_ZNSt23_Sp_counted_ptr_inplaceIN8nlohmann16json_abi_v3_11_26detail21output_string_adapterIcNSt7__cxx1112basic_stringIcSt11char_traitsIcESaIcEEEEESaISA_ELN9__gnu_cxx12_Lock_policyE2EE5_Impl8_M_allocEv
FNDA:6,_ZNSt23_Sp_counted_ptr_inplaceIN8nlohmann16json_abi_v3_11_26detail21output_string_adapterIcNSt7__cxx1112basic_stringIcSt11char_traitsIcESaIcEEEEESaISA_ELN9__gnu_cxx12_Lock_policyE2EE5_Impl8_M_allocEv
FN:514,_ZNSt23_Sp_counted_ptr_inplaceIN8nlohmann16json_abi_v3_11_26detail21output_string_adapterIcNSt7__cxx1112basic_stringIcSt11char_traitsIcESaIcEEEEESaISA_ELN9__gnu_cxx12_Lock_policyE2EEC2IJRS9_EEESB_DpOT_
FNDA:3,_ZNSt23_Sp_counted_ptr_inplaceIN8nlohmann16json_abi_v3_11_26detail21output_string_adapterIcNSt7__cxx1112basic_stringIcSt11char_traitsIcESaIcEEEEESaISA_ELN9__gnu_cxx12_Lock_policyE2EEC2IJRS9_EEESB_DpOT_
FN:523,_ZNSt23_Sp_counted_ptr_inplaceIN8nlohmann16json_abi_v3_11_26detail21output_string_adapterIcNSt7__cxx1112basic_stringIcSt11char_traitsIcESaIcEEEEESaISA_ELN9__gnu_cxx12_Lock_policyE2EED0Ev
FNDA:0,_ZNSt23_Sp_counted_ptr_inplaceIN8nlohmann16json_abi_v3_11_26detail21output_string_adapterIcNSt7__cxx1112basic_stringIcSt11char_traitsIcESaIcEEEEESaISA_ELN9__gnu_cxx12_Lock_policyE2EED0Ev
FN:523,_ZNSt23_Sp_counted_ptr_inplaceIN8nlohmann16json_abi_v3_11_26detail21output_string_adapterIcNSt7__cxx1112basic_stringIcSt11char_traitsIcESaIcEEEEESaISA_ELN9__gnu_cxx12_Lock_policyE2EED2Ev
FNDA:3,_ZNSt23_Sp_counted_ptr_inplaceIN8nlohmann16json_abi_v3_11_26detail21output_string_adapterIcNSt7__cxx1112basic_stringIcSt11char_traitsIcESaIcEEEEESaISA_ELN9__gnu_cxx12_Lock_policyE2EED2Ev
FN:526,_ZNSt23_Sp_counted_ptr_inplaceIN8nlohmann16json_abi_v3_11_26detail21output_string_adapterIcNSt7__cxx1112basic_stringIcSt11char_traitsIcESaIcEEEEESaISA_ELN9__gnu_cxx12_Lock_policyE2EE10_M_disposeEv
FNDA:3,_ZNSt23_Sp_counted_ptr_inplaceIN8nlohmann16json_abi_v3_11_26detail21output_string_adapterIcNSt7__cxx1112basic_stringIcSt11char_traitsIcESaIcEEEEESaISA_ELN9__gnu_cxx12_Lock_policyE2EE10_M_disposeEv
FN:533,_ZNSt23_Sp_counted_ptr_inplaceIN8nlohmann16json_abi_v3_11_26detail21output_string_adapterIcNSt7__cxx1112basic_stringIcSt11char_traitsIcESaIcEEEEESaISA_ELN9__gnu_cxx12_Lock_policyE2EE10_M_destroyEv
FNDA:3,_ZNSt23_Sp_counted_ptr_inplaceIN8nlohmann16json_abi_v3_11_26detail21output_string_adapterIcNSt7__cxx1112basic_stringIcSt11char_traitsIcESaIcEEEEESaISA_ELN9__gnu_cxx12_Lock_policyE2EE10_M_destroyEv
FN:546,_ZNSt23_Sp_counted_ptr_inplaceIN8nlohmann16json_abi_v3_11_26detail21output_string_adapterIcNSt7__cxx1112basic_stringIcSt11char_traitsIcESaIcEEEEESaISA_ELN9__gnu_cxx12_Lock_policyE2EE14_M_get_deleterERKSt9type_info
FNDA:0,_ZNSt23_Sp_counted_ptr_inplaceIN8nlohmann16json_abi_v3_11_26detail21output_string_adapterIcNSt7__cxx1112basic_stringIcSt11char_traitsIcESaIcEEEEESaISA_ELN9__gnu_cxx12_Lock_policyE2EE14_M_get_deleterERKSt9type_info
FN:565,_ZNSt23_Sp_counted_ptr_inplaceIN8nlohmann16json_abi_v3_11_26detail21output_string_adapterIcNSt7__cxx1112basic_stringIcSt11char_traitsIcESaIcEEEEESaISA_ELN9__gnu_cxx12_Lock_policyE2EE6_M_ptrEv
FNDA:9,_ZNSt23_Sp_counted_ptr_inplaceIN8nlohmann16json_abi_v3_11_26detail21output_string_adapterIcNSt7__cxx1112basic_stringIcSt11char_traitsIcESaIcEEEEESaISA_ELN9__gnu_cxx12_Lock_policyE2EE6_M_ptrEv
FN:587,_ZNSt14__shared_countILN9__gnu_cxx12_Lock_policyE2EEC2Ev
FNDA:8,_ZNSt14__shared_countILN9__gnu_cxx12_Lock_policyE2EEC2Ev
FN:643,_ZNSt14__shared_countILN9__gnu_cxx12_Lock_policyE2EEC2IN8nlohmann16json_abi_v3_11_26detail21output_string_adapterIcNSt7__cxx1112basic_stringIcSt11char_traitsIcESaIcEEEEESaISE_EJRSD_EEERPT_St20_Sp_alloc_shared_tagIT0_EDpOT1_
FNDA:3,_ZNSt14__shared_countILN9__gnu_cxx12_Lock_policyE2EEC2IN8nlohmann16json_abi_v3_11_26detail21output_string_adapterIcNSt7__cxx1112basic_stringIcSt11char_traitsIcESaIcEEEEESaISE_EJRSD_EEERPT_St20_Sp_alloc_shared_tagIT0_EDpOT1_
FN:702,_ZNSt14__shared_countILN9__gnu_cxx12_Lock_policyE2EED2Ev
FNDA:44,_ZNSt14__shared_countILN9__gnu_cxx12_Lock_policyE2EED2Ev
FN:708,_ZNSt14__shared_countILN9__gnu_cxx12_Lock_policyE2EEC2ERKS2_
FNDA:3,_ZNSt14__shared_countILN9__gnu_cxx12_Lock_policyE2EEC2ERKS2_
FN:731,_ZNSt14__shared_countILN9__gnu_cxx12_Lock_policyE2EE7_M_swapERS2_
FNDA:8,_ZNSt14__shared_countILN9__gnu_cxx12_Lock_policyE2EE7_M_swapERS2_
FN:984,_ZNKSt19__shared_ptr_accessIN8nlohmann16json_abi_v3_11_26detail23output_adapter_protocolIcEELN9__gnu_cxx12_Lock_policyE2ELb0ELb0EEptEv
FNDA:45,_ZNKSt19__shared_ptr_accessIN8nlohmann16json_abi_v3_11_26detail23output_adapter_protocolIcEELN9__gnu_cxx12_Lock_policyE2ELb0ELb0EEptEv
FN:992,_ZNKSt19__shared_ptr_accessIN8nlohmann16json_abi_v3_11_26detail23output_adapter_protocolIcEELN9__gnu_cxx12_Lock_policyE2ELb0ELb0EE6_M_getEv
FNDA:45,_ZNKSt19__shared_ptr_accessIN8nlohmann16json_abi_v3_11_26detail23output_adapter_protocolIcEELN9__gnu_cxx12_Lock_policyE2ELb0ELb0EE6_M_getEv
FN:1152,_ZNSt12__shared_ptrIN8nlohmann16json_abi_v3_11_26detail23output_adapter_protocolIcEELN9__gnu_cxx12_Lock_policyE2EEC2ERKS7_
FNDA:3,_ZNSt12__shared_ptrIN8nlohmann16json_abi_v3_11_26detail23output_adapter_protocolIcEELN9__gnu_cxx12_Lock_policyE2EEC2ERKS7_
FN:1154,_ZNSt12__shared_ptrIN8nlohmann16json_abi_v3_11_26detail21output_string_adapterIcNSt7__cxx1112basic_stringIcSt11char_traitsIcESaIcEEEEELN9__gnu_cxx12_Lock_policyE2EED2Ev
FNDA:3,_ZNSt12__shared_ptrIN8nlohmann16json_abi_v3_11_26detail21output_string_adapterIcNSt7__cxx1112basic_stringIcSt11char_traitsIcESaIcEEEEELN9__gnu_cxx12_Lock_policyE2EED2Ev
FN:1154,_ZNSt12__shared_ptrIN8nlohmann16json_abi_v3_11_26detail23output_adapter_protocolIcEELN9__gnu_cxx12_Lock_policyE2EED2Ev
FNDA:9,_ZNSt12__shared_ptrIN8nlohmann16json_abi_v3_11_26detail23output_adapter_protocolIcEELN9__gnu_cxx12_Lock_policyE2EED2Ev
FN:1161,_ZNSt12__shared_ptrIN8nlohmann16json_abi_v3_11_26detail23output_adapter_protocolIcEELN9__gnu_cxx12_Lock_policyE2EEC2EOS7_
FNDA:3,_ZNSt12__shared_ptrIN8nlohmann16json_abi_v3_11_26detail23output_adapter_protocolIcEELN9__gnu_cxx12_Lock_policyE2EEC2EOS7_
FN:1169,_ZNSt12__shared_ptrIN8nlohmann16json_abi_v3_11_26detail23output_adapter_protocolIcEELN9__gnu_cxx12_Lock_policyE2EEC2INS2_21output_string_adapterIcNSt7__cxx1112basic_stringIcSt11char_traitsIcESaIcEEEEEvEEOS_IT_LS6_2EE
FNDA:3,_ZNSt12__shared_ptrIN8nlohmann16json_abi_v3_11_26detail23output_adapter_protocolIcEELN9__gnu_cxx12_Lock_policyE2EEC2INS2_21output_string_adapterIcNSt7__cxx1112basic_stringIcSt11char_traitsIcESaIcEEEEEvEEOS_IT_LS6_2EE
FN:1295,_ZNKSt12__shared_ptrIN8nlohmann16json_abi_v3_11_26detail23output_adapter_protocolIcEELN9__gnu_cxx12_Lock_policyE2EE3getEv
FNDA:45,_ZNKSt12__shared_ptrIN8nlohmann16json_abi_v3_11_26detail23output_adapter_protocolIcEELN9__gnu_cxx12_Lock_policyE2EE3getEv
FN:1341,_ZNSt12__shared_ptrIN8nlohmann16json_abi_v3_11_26detail21output_string_adapterIcNSt7__cxx1112basic_stringIcSt11char_traitsIcESaIcEEEEELN9__gnu_cxx12_Lock_policyE2EEC2ISaISA_EJRS9_EEESt20_Sp_alloc_shared_tagIT_EDpOT0_
FNDA:3,_ZNSt12__shared_ptrIN8nlohmann16json_abi_v3_11_26detail21output_string_adapterIcNSt7__cxx1112basic_stringIcSt11char_traitsIcESaIcEEEEELN9__gnu_cxx12_Lock_policyE2EEC2ISaISA_EJRS9_EEESt20_Sp_alloc_shared_tagIT_EDpOT0_
FN:1386,_ZNSt12__shared_ptrIN8nlohmann16json_abi_v3_11_26detail21output_string_adapterIcNSt7__cxx1112basic_stringIcSt11char_traitsIcESaIcEEEEELN9__gnu_cxx12_Lock_policyE2EE31_M_enable_shared_from_this_withISA_SA_EENSt9enable_ifIXntsrNSD_15__has_esft_baseIT0_vEE5valueEvE4typeEPT_
FNDA:3,_ZNSt12__shared_ptrIN8nlohmann16json_abi_v3_11_26detail21output_string_adapterIcNSt7__cxx1112basic_stringIcSt11char_traitsIcESaIcEEEEELN9__gnu_cxx12_Lock_policyE2EE31_M_enable_shared_from_this_withISA_SA_EENSt9enable_ifIXntsrNSD_15__has_esft_baseIT0_vEE5valueEvE4typeEPT_
DA:126,5
DA:127,5
DA:130,0
DA:131,0
DA:130,5
DA:131,5
DA:140,0
DA:141,0
DA:147,3
DA:148,3
DA:161,12
DA:165,24
DA:168,5
DA:180,5
DA:181,5
DA:184,5
DA:187,12
DA:385,3
DA:389,6
DA:479,0
DA:482,0
DA:502,3
DA:504,6
DA:514,3
DA:515,3
DA:519,3
DA:521,3
DA:523,0
DA:523,3
DA:526,3
DA:528,3
DA:529,3
DA:533,3
DA:535,3
DA:536,3
DA:537,3
DA:538,3
DA:546,0
DA:548,0
DA:553,0
DA:554,0
DA:556,0
DA:561,0
DA:562,0
DA:565,9
DA:587,8
DA:588,8
DA:643,3
DA:647,3
DA:648,3
DA:649,3
DA:650,6
DA:651,3
DA:652,3
DA:653,3
DA:654,3
DA:655,3
DA:702,44
DA:704,44
DA:705,12
DA:706,44
DA:708,3
DA:709,3
DA:711,3
DA:712,3
DA:713,3
DA:731,8
DA:733,8
DA:734,8
DA:735,8
DA:736,8
DA:984,45
DA:987,45
DA:992,45
DA:993,45
DA:1152,3
DA:1154,3
DA:1154,9
DA:1161,3
DA:1162,3
DA:1164,3
DA:1165,3
DA:1166,3
DA:1169,3
DA:1170,3
DA:1172,3
DA:1173,3
DA:1174,3
DA:1295,45
DA:1296,45
DA:1341,3
DA:1342,3
DA:1343,3
DA:1386,3
DA:1387,3
end_of_record
SF:/home/agustin/MisCosas/so2-2024/h-p-cpp-hope-programming-cpp-agustinhernando2/lib/libsta/include/supplies_data_handler.hpp
end_of_record
